{"/home/abdelhak/Desktop/Study/Y3S1/SWE/DrivingQuizesProject/frontend/app/components/Loading.tsx": {"path":"/home/abdelhak/Desktop/Study/Y3S1/SWE/DrivingQuizesProject/frontend/app/components/Loading.tsx","statementMap":{"0":{"start":{"line":3,"column":16},"end":{"line":9,"column":null}},"1":{"start":{"line":4,"column":2},"end":{"line":7,"column":null}}},"fnMap":{"0":{"name":"(anonymous_0)","decl":{"start":{"line":3,"column":16},"end":{"line":3,"column":17}},"loc":{"start":{"line":3,"column":56},"end":{"line":9,"column":null}},"line":3}},"branchMap":{},"s":{"0":1,"1":6},"f":{"0":6},"b":{},"meta":{"lastBranch":0,"lastFunction":1,"lastStatement":2,"seen":{"s:3:16:9:Infinity":0,"f:3:16:3:17":0,"s:4:2:7:Infinity":1}}}
,"/home/abdelhak/Desktop/Study/Y3S1/SWE/DrivingQuizesProject/frontend/app/components/NavBar.tsx": {"path":"/home/abdelhak/Desktop/Study/Y3S1/SWE/DrivingQuizesProject/frontend/app/components/NavBar.tsx","statementMap":{"0":{"start":{"line":7,"column":15},"end":{"line":115,"column":null}},"1":{"start":{"line":8,"column":14},"end":{"line":8,"column":null}},"2":{"start":{"line":9,"column":42},"end":{"line":9,"column":null}},"3":{"start":{"line":10,"column":24},"end":{"line":10,"column":null}},"4":{"start":{"line":12,"column":25},"end":{"line":16,"column":null}},"5":{"start":{"line":13,"column":8},"end":{"line":13,"column":null}},"6":{"start":{"line":15,"column":8},"end":{"line":15,"column":null}},"7":{"start":{"line":18,"column":22},"end":{"line":18,"column":null}},"8":{"start":{"line":19,"column":22},"end":{"line":19,"column":null}},"9":{"start":{"line":20,"column":21},"end":{"line":20,"column":null}},"10":{"start":{"line":21,"column":22},"end":{"line":21,"column":null}},"11":{"start":{"line":23,"column":4},"end":{"line":113,"column":null}},"12":{"start":{"line":60,"column":45},"end":{"line":60,"column":52}},"13":{"start":{"line":78,"column":31},"end":{"line":78,"column":null}},"14":{"start":{"line":98,"column":49},"end":{"line":98,"column":56}}},"fnMap":{"0":{"name":"(anonymous_0)","decl":{"start":{"line":7,"column":15},"end":{"line":7,"column":16}},"loc":{"start":{"line":7,"column":48},"end":{"line":115,"column":null}},"line":7},"1":{"name":"(anonymous_1)","decl":{"start":{"line":12,"column":25},"end":{"line":12,"column":31}},"loc":{"start":{"line":12,"column":31},"end":{"line":16,"column":null}},"line":12},"2":{"name":"(anonymous_2)","decl":{"start":{"line":60,"column":37},"end":{"line":60,"column":45}},"loc":{"start":{"line":60,"column":45},"end":{"line":60,"column":52}},"line":60},"3":{"name":"(anonymous_3)","decl":{"start":{"line":78,"column":25},"end":{"line":78,"column":31}},"loc":{"start":{"line":78,"column":31},"end":{"line":78,"column":null}},"line":78},"4":{"name":"(anonymous_4)","decl":{"start":{"line":98,"column":41},"end":{"line":98,"column":49}},"loc":{"start":{"line":98,"column":49},"end":{"line":98,"column":56}},"line":98}},"branchMap":{"0":{"loc":{"start":{"line":18,"column":22},"end":{"line":18,"column":null}},"type":"cond-expr","locations":[{"start":{"line":18,"column":29},"end":{"line":18,"column":44}},{"start":{"line":18,"column":44},"end":{"line":18,"column":null}}],"line":18},"1":{"loc":{"start":{"line":19,"column":22},"end":{"line":19,"column":null}},"type":"cond-expr","locations":[{"start":{"line":19,"column":29},"end":{"line":19,"column":44}},{"start":{"line":19,"column":44},"end":{"line":19,"column":null}}],"line":19},"2":{"loc":{"start":{"line":20,"column":21},"end":{"line":20,"column":null}},"type":"cond-expr","locations":[{"start":{"line":20,"column":28},"end":{"line":20,"column":44}},{"start":{"line":20,"column":44},"end":{"line":20,"column":null}}],"line":20},"3":{"loc":{"start":{"line":21,"column":22},"end":{"line":21,"column":null}},"type":"cond-expr","locations":[{"start":{"line":21,"column":29},"end":{"line":21,"column":44}},{"start":{"line":21,"column":44},"end":{"line":21,"column":null}}],"line":21},"4":{"loc":{"start":{"line":31,"column":29},"end":{"line":31,"column":null}},"type":"cond-expr","locations":[{"start":{"line":31,"column":36},"end":{"line":31,"column":75}},{"start":{"line":31,"column":75},"end":{"line":31,"column":null}}],"line":31},"5":{"loc":{"start":{"line":51,"column":17},"end":{"line":71,"column":null}},"type":"cond-expr","locations":[{"start":{"line":52,"column":20},"end":{"line":67,"column":null}},{"start":{"line":69,"column":20},"end":{"line":71,"column":null}}],"line":51},"6":{"loc":{"start":{"line":53,"column":25},"end":{"line":54,"column":null}},"type":"binary-expr","locations":[{"start":{"line":53,"column":25},"end":{"line":53,"column":null}},{"start":{"line":54,"column":28},"end":{"line":54,"column":null}}],"line":53},"7":{"loc":{"start":{"line":57,"column":30},"end":{"line":57,"column":null}},"type":"binary-expr","locations":[{"start":{"line":57,"column":30},"end":{"line":57,"column":44}},{"start":{"line":57,"column":44},"end":{"line":57,"column":65}},{"start":{"line":57,"column":65},"end":{"line":57,"column":null}}],"line":57},"8":{"loc":{"start":{"line":84,"column":13},"end":{"line":111,"column":null}},"type":"binary-expr","locations":[{"start":{"line":84,"column":13},"end":{"line":84,"column":null}},{"start":{"line":85,"column":16},"end":{"line":111,"column":null}}],"line":84},"9":{"loc":{"start":{"line":92,"column":21},"end":{"line":109,"column":null}},"type":"cond-expr","locations":[{"start":{"line":93,"column":24},"end":{"line":105,"column":null}},{"start":{"line":107,"column":24},"end":{"line":109,"column":null}}],"line":92},"10":{"loc":{"start":{"line":95,"column":34},"end":{"line":95,"column":null}},"type":"binary-expr","locations":[{"start":{"line":95,"column":34},"end":{"line":95,"column":48}},{"start":{"line":95,"column":48},"end":{"line":95,"column":69}},{"start":{"line":95,"column":69},"end":{"line":95,"column":null}}],"line":95}},"s":{"0":1,"1":12,"2":12,"3":12,"4":12,"5":1,"6":1,"7":12,"8":12,"9":12,"10":12,"11":12,"12":6,"13":1,"14":0},"f":{"0":12,"1":1,"2":6,"3":1,"4":0},"b":{"0":[1,11],"1":[1,11],"2":[1,11],"3":[1,11],"4":[1,11],"5":[4,8],"6":[4,3],"7":[4,1,0],"8":[12,1],"9":[0,1],"10":[0,0,0]},"meta":{"lastBranch":11,"lastFunction":5,"lastStatement":15,"seen":{"s:7:15:115:Infinity":0,"f:7:15:7:16":0,"s:8:14:8:Infinity":1,"s:9:42:9:Infinity":2,"s:10:24:10:Infinity":3,"s:12:25:16:Infinity":4,"f:12:25:12:31":1,"s:13:8:13:Infinity":5,"s:15:8:15:Infinity":6,"s:18:22:18:Infinity":7,"b:18:29:18:44:18:44:18:Infinity":0,"s:19:22:19:Infinity":8,"b:19:29:19:44:19:44:19:Infinity":1,"s:20:21:20:Infinity":9,"b:20:28:20:44:20:44:20:Infinity":2,"s:21:22:21:Infinity":10,"b:21:29:21:44:21:44:21:Infinity":3,"s:23:4:113:Infinity":11,"b:31:36:31:75:31:75:31:Infinity":4,"b:52:20:67:Infinity:69:20:71:Infinity":5,"b:53:25:53:Infinity:54:28:54:Infinity":6,"b:57:30:57:44:57:44:57:65:57:65:57:Infinity":7,"f:60:37:60:45":2,"s:60:45:60:52":12,"f:78:25:78:31":3,"s:78:31:78:Infinity":13,"b:84:13:84:Infinity:85:16:111:Infinity":8,"b:93:24:105:Infinity:107:24:109:Infinity":9,"b:95:34:95:48:95:48:95:69:95:69:95:Infinity":10,"f:98:41:98:49":4,"s:98:49:98:56":14}}}
,"/home/abdelhak/Desktop/Study/Y3S1/SWE/DrivingQuizesProject/frontend/app/components/ProtectedRoute.tsx": {"path":"/home/abdelhak/Desktop/Study/Y3S1/SWE/DrivingQuizesProject/frontend/app/components/ProtectedRoute.tsx","statementMap":{"0":{"start":{"line":23,"column":36},"end":{"line":23,"column":null}},"1":{"start":{"line":24,"column":8},"end":{"line":24,"column":null}},"2":{"start":{"line":26,"column":2},"end":{"line":49,"column":null}},"3":{"start":{"line":28,"column":4},"end":{"line":28,"column":null}},"4":{"start":{"line":28,"column":19},"end":{"line":28,"column":null}},"5":{"start":{"line":31,"column":4},"end":{"line":35,"column":null}},"6":{"start":{"line":33,"column":6},"end":{"line":33,"column":null}},"7":{"start":{"line":34,"column":6},"end":{"line":34,"column":null}},"8":{"start":{"line":38,"column":4},"end":{"line":48,"column":null}},"9":{"start":{"line":41,"column":6},"end":{"line":47,"column":null}},"10":{"start":{"line":42,"column":8},"end":{"line":42,"column":null}},"11":{"start":{"line":43,"column":6},"end":{"line":47,"column":null}},"12":{"start":{"line":44,"column":8},"end":{"line":44,"column":null}},"13":{"start":{"line":46,"column":8},"end":{"line":46,"column":null}},"14":{"start":{"line":52,"column":2},"end":{"line":58,"column":null}},"15":{"start":{"line":53,"column":4},"end":{"line":56,"column":null}},"16":{"start":{"line":61,"column":2},"end":{"line":63,"column":null}},"17":{"start":{"line":62,"column":4},"end":{"line":62,"column":null}},"18":{"start":{"line":66,"column":2},"end":{"line":66,"column":null}},"19":{"start":{"line":80,"column":36},"end":{"line":80,"column":null}},"20":{"start":{"line":81,"column":8},"end":{"line":81,"column":null}},"21":{"start":{"line":83,"column":2},"end":{"line":96,"column":null}},"22":{"start":{"line":85,"column":4},"end":{"line":85,"column":null}},"23":{"start":{"line":85,"column":19},"end":{"line":85,"column":null}},"24":{"start":{"line":88,"column":4},"end":{"line":95,"column":null}},"25":{"start":{"line":90,"column":6},"end":{"line":94,"column":null}},"26":{"start":{"line":91,"column":8},"end":{"line":91,"column":null}},"27":{"start":{"line":92,"column":6},"end":{"line":94,"column":null}},"28":{"start":{"line":93,"column":8},"end":{"line":93,"column":null}},"29":{"start":{"line":99,"column":2},"end":{"line":105,"column":null}},"30":{"start":{"line":100,"column":4},"end":{"line":103,"column":null}},"31":{"start":{"line":108,"column":2},"end":{"line":114,"column":null}},"32":{"start":{"line":109,"column":4},"end":{"line":112,"column":null}},"33":{"start":{"line":117,"column":2},"end":{"line":117,"column":null}}},"fnMap":{"0":{"name":"ProtectedRoute","decl":{"start":{"line":18,"column":16},"end":{"line":18,"column":31}},"loc":{"start":{"line":22,"column":24},"end":{"line":67,"column":null}},"line":22},"1":{"name":"(anonymous_1)","decl":{"start":{"line":26,"column":12},"end":{"line":26,"column":18}},"loc":{"start":{"line":26,"column":18},"end":{"line":49,"column":5}},"line":26},"2":{"name":"PublicRoute","decl":{"start":{"line":73,"column":16},"end":{"line":73,"column":28}},"loc":{"start":{"line":79,"column":3},"end":{"line":118,"column":null}},"line":79},"3":{"name":"(anonymous_3)","decl":{"start":{"line":83,"column":12},"end":{"line":83,"column":18}},"loc":{"start":{"line":83,"column":18},"end":{"line":96,"column":5}},"line":83}},"branchMap":{"0":{"loc":{"start":{"line":28,"column":4},"end":{"line":28,"column":null}},"type":"if","locations":[{"start":{"line":28,"column":4},"end":{"line":28,"column":null}},{"start":{},"end":{}}],"line":28},"1":{"loc":{"start":{"line":31,"column":4},"end":{"line":35,"column":null}},"type":"if","locations":[{"start":{"line":31,"column":4},"end":{"line":35,"column":null}},{"start":{},"end":{}}],"line":31},"2":{"loc":{"start":{"line":31,"column":8},"end":{"line":31,"column":28}},"type":"binary-expr","locations":[{"start":{"line":31,"column":8},"end":{"line":31,"column":17}},{"start":{"line":31,"column":17},"end":{"line":31,"column":28}}],"line":31},"3":{"loc":{"start":{"line":33,"column":15},"end":{"line":33,"column":34}},"type":"binary-expr","locations":[{"start":{"line":33,"column":15},"end":{"line":33,"column":29}},{"start":{"line":33,"column":29},"end":{"line":33,"column":34}}],"line":33},"4":{"loc":{"start":{"line":38,"column":4},"end":{"line":48,"column":null}},"type":"if","locations":[{"start":{"line":38,"column":4},"end":{"line":48,"column":null}},{"start":{},"end":{}}],"line":38},"5":{"loc":{"start":{"line":41,"column":6},"end":{"line":47,"column":null}},"type":"if","locations":[{"start":{"line":41,"column":6},"end":{"line":47,"column":null}},{"start":{"line":43,"column":6},"end":{"line":47,"column":null}}],"line":41},"6":{"loc":{"start":{"line":42,"column":17},"end":{"line":42,"column":45}},"type":"binary-expr","locations":[{"start":{"line":42,"column":17},"end":{"line":42,"column":31}},{"start":{"line":42,"column":31},"end":{"line":42,"column":45}}],"line":42},"7":{"loc":{"start":{"line":43,"column":6},"end":{"line":47,"column":null}},"type":"if","locations":[{"start":{"line":43,"column":6},"end":{"line":47,"column":null}},{"start":{"line":45,"column":13},"end":{"line":47,"column":null}}],"line":43},"8":{"loc":{"start":{"line":43,"column":17},"end":{"line":43,"column":65}},"type":"binary-expr","locations":[{"start":{"line":43,"column":17},"end":{"line":43,"column":43}},{"start":{"line":43,"column":43},"end":{"line":43,"column":65}}],"line":43},"9":{"loc":{"start":{"line":44,"column":17},"end":{"line":44,"column":53}},"type":"binary-expr","locations":[{"start":{"line":44,"column":17},"end":{"line":44,"column":31}},{"start":{"line":44,"column":31},"end":{"line":44,"column":53}}],"line":44},"10":{"loc":{"start":{"line":46,"column":17},"end":{"line":46,"column":36}},"type":"binary-expr","locations":[{"start":{"line":46,"column":17},"end":{"line":46,"column":31}},{"start":{"line":46,"column":31},"end":{"line":46,"column":36}}],"line":46},"11":{"loc":{"start":{"line":52,"column":2},"end":{"line":58,"column":null}},"type":"if","locations":[{"start":{"line":52,"column":2},"end":{"line":58,"column":null}},{"start":{},"end":{}}],"line":52},"12":{"loc":{"start":{"line":61,"column":2},"end":{"line":63,"column":null}},"type":"if","locations":[{"start":{"line":61,"column":2},"end":{"line":63,"column":null}},{"start":{},"end":{}}],"line":61},"13":{"loc":{"start":{"line":61,"column":6},"end":{"line":61,"column":66}},"type":"binary-expr","locations":[{"start":{"line":61,"column":6},"end":{"line":61,"column":15}},{"start":{"line":61,"column":15},"end":{"line":61,"column":28}},{"start":{"line":61,"column":28},"end":{"line":61,"column":66}}],"line":61},"14":{"loc":{"start":{"line":75,"column":2},"end":{"line":75,"column":null}},"type":"default-arg","locations":[{"start":{"line":75,"column":26},"end":{"line":75,"column":null}}],"line":75},"15":{"loc":{"start":{"line":85,"column":4},"end":{"line":85,"column":null}},"type":"if","locations":[{"start":{"line":85,"column":4},"end":{"line":85,"column":null}},{"start":{},"end":{}}],"line":85},"16":{"loc":{"start":{"line":88,"column":4},"end":{"line":95,"column":null}},"type":"if","locations":[{"start":{"line":88,"column":4},"end":{"line":95,"column":null}},{"start":{},"end":{}}],"line":88},"17":{"loc":{"start":{"line":88,"column":8},"end":{"line":88,"column":72}},"type":"binary-expr","locations":[{"start":{"line":88,"column":8},"end":{"line":88,"column":33}},{"start":{"line":88,"column":33},"end":{"line":88,"column":41}},{"start":{"line":88,"column":41},"end":{"line":88,"column":53}},{"start":{"line":88,"column":53},"end":{"line":88,"column":72}}],"line":88},"18":{"loc":{"start":{"line":90,"column":6},"end":{"line":94,"column":null}},"type":"if","locations":[{"start":{"line":90,"column":6},"end":{"line":94,"column":null}},{"start":{"line":92,"column":6},"end":{"line":94,"column":null}}],"line":90},"19":{"loc":{"start":{"line":92,"column":6},"end":{"line":94,"column":null}},"type":"if","locations":[{"start":{"line":92,"column":6},"end":{"line":94,"column":null}},{"start":{},"end":{}}],"line":92},"20":{"loc":{"start":{"line":92,"column":17},"end":{"line":92,"column":65}},"type":"binary-expr","locations":[{"start":{"line":92,"column":17},"end":{"line":92,"column":43}},{"start":{"line":92,"column":43},"end":{"line":92,"column":65}}],"line":92},"21":{"loc":{"start":{"line":99,"column":2},"end":{"line":105,"column":null}},"type":"if","locations":[{"start":{"line":99,"column":2},"end":{"line":105,"column":null}},{"start":{},"end":{}}],"line":99},"22":{"loc":{"start":{"line":108,"column":2},"end":{"line":114,"column":null}},"type":"if","locations":[{"start":{"line":108,"column":2},"end":{"line":114,"column":null}},{"start":{},"end":{}}],"line":108},"23":{"loc":{"start":{"line":108,"column":6},"end":{"line":108,"column":70}},"type":"binary-expr","locations":[{"start":{"line":108,"column":6},"end":{"line":108,"column":31}},{"start":{"line":108,"column":31},"end":{"line":108,"column":39}},{"start":{"line":108,"column":39},"end":{"line":108,"column":51}},{"start":{"line":108,"column":51},"end":{"line":108,"column":70}}],"line":108}},"s":{"0":8,"1":8,"2":8,"3":8,"4":1,"5":7,"6":2,"7":2,"8":5,"9":2,"10":1,"11":1,"12":1,"13":0,"14":8,"15":1,"16":7,"17":4,"18":3,"19":5,"20":5,"21":5,"22":5,"23":1,"24":4,"25":2,"26":1,"27":1,"28":1,"29":5,"30":1,"31":4,"32":2,"33":2},"f":{"0":8,"1":8,"2":5,"3":5},"b":{"0":[1,7],"1":[2,5],"2":[7,5],"3":[2,1],"4":[2,3],"5":[1,1],"6":[1,1],"7":[1,0],"8":[1,0],"9":[1,1],"10":[0,0],"11":[1,7],"12":[4,3],"13":[7,5,5],"14":[5],"15":[1,4],"16":[2,2],"17":[4,3,2,2],"18":[1,1],"19":[1,0],"20":[1,0],"21":[1,4],"22":[2,2],"23":[4,3,2,2]},"meta":{"lastBranch":24,"lastFunction":4,"lastStatement":34,"seen":{"f:18:16:18:31":0,"s:23:36:23:Infinity":0,"s:24:8:24:Infinity":1,"s:26:2:49:Infinity":2,"f:26:12:26:18":1,"b:28:4:28:Infinity:undefined:undefined:undefined:undefined":0,"s:28:4:28:Infinity":3,"s:28:19:28:Infinity":4,"b:31:4:35:Infinity:undefined:undefined:undefined:undefined":1,"s:31:4:35:Infinity":5,"b:31:8:31:17:31:17:31:28":2,"s:33:6:33:Infinity":6,"b:33:15:33:29:33:29:33:34":3,"s:34:6:34:Infinity":7,"b:38:4:48:Infinity:undefined:undefined:undefined:undefined":4,"s:38:4:48:Infinity":8,"b:41:6:47:Infinity:43:6:47:Infinity":5,"s:41:6:47:Infinity":9,"s:42:8:42:Infinity":10,"b:42:17:42:31:42:31:42:45":6,"b:43:6:47:Infinity:45:13:47:Infinity":7,"s:43:6:47:Infinity":11,"b:43:17:43:43:43:43:43:65":8,"s:44:8:44:Infinity":12,"b:44:17:44:31:44:31:44:53":9,"s:46:8:46:Infinity":13,"b:46:17:46:31:46:31:46:36":10,"b:52:2:58:Infinity:undefined:undefined:undefined:undefined":11,"s:52:2:58:Infinity":14,"s:53:4:56:Infinity":15,"b:61:2:63:Infinity:undefined:undefined:undefined:undefined":12,"s:61:2:63:Infinity":16,"b:61:6:61:15:61:15:61:28:61:28:61:66":13,"s:62:4:62:Infinity":17,"s:66:2:66:Infinity":18,"f:73:16:73:28":2,"b:75:26:75:Infinity":14,"s:80:36:80:Infinity":19,"s:81:8:81:Infinity":20,"s:83:2:96:Infinity":21,"f:83:12:83:18":3,"b:85:4:85:Infinity:undefined:undefined:undefined:undefined":15,"s:85:4:85:Infinity":22,"s:85:19:85:Infinity":23,"b:88:4:95:Infinity:undefined:undefined:undefined:undefined":16,"s:88:4:95:Infinity":24,"b:88:8:88:33:88:33:88:41:88:41:88:53:88:53:88:72":17,"b:90:6:94:Infinity:92:6:94:Infinity":18,"s:90:6:94:Infinity":25,"s:91:8:91:Infinity":26,"b:92:6:94:Infinity:undefined:undefined:undefined:undefined":19,"s:92:6:94:Infinity":27,"b:92:17:92:43:92:43:92:65":20,"s:93:8:93:Infinity":28,"b:99:2:105:Infinity:undefined:undefined:undefined:undefined":21,"s:99:2:105:Infinity":29,"s:100:4:103:Infinity":30,"b:108:2:114:Infinity:undefined:undefined:undefined:undefined":22,"s:108:2:114:Infinity":31,"b:108:6:108:31:108:31:108:39:108:39:108:51:108:51:108:70":23,"s:109:4:112:Infinity":32,"s:117:2:117:Infinity":33}}}
,"/home/abdelhak/Desktop/Study/Y3S1/SWE/DrivingQuizesProject/frontend/app/components/Modal/Modal.tsx": {"path":"/home/abdelhak/Desktop/Study/Y3S1/SWE/DrivingQuizesProject/frontend/app/components/Modal/Modal.tsx","statementMap":{"0":{"start":{"line":14,"column":15},"end":{"line":14,"column":null}},"1":{"start":{"line":15,"column":16},"end":{"line":15,"column":null}},"2":{"start":{"line":18,"column":2},"end":{"line":29,"column":null}},"3":{"start":{"line":19,"column":4},"end":{"line":19,"column":null}},"4":{"start":{"line":19,"column":35},"end":{"line":19,"column":null}},"5":{"start":{"line":21,"column":25},"end":{"line":25,"column":null}},"6":{"start":{"line":22,"column":6},"end":{"line":24,"column":null}},"7":{"start":{"line":23,"column":8},"end":{"line":23,"column":null}},"8":{"start":{"line":27,"column":4},"end":{"line":27,"column":null}},"9":{"start":{"line":28,"column":4},"end":{"line":28,"column":null}},"10":{"start":{"line":28,"column":17},"end":{"line":28,"column":null}},"11":{"start":{"line":32,"column":2},"end":{"line":41,"column":null}},"12":{"start":{"line":33,"column":4},"end":{"line":37,"column":null}},"13":{"start":{"line":34,"column":6},"end":{"line":34,"column":null}},"14":{"start":{"line":36,"column":6},"end":{"line":36,"column":null}},"15":{"start":{"line":38,"column":4},"end":{"line":40,"column":null}},"16":{"start":{"line":39,"column":6},"end":{"line":39,"column":null}},"17":{"start":{"line":43,"column":2},"end":{"line":43,"column":null}},"18":{"start":{"line":43,"column":15},"end":{"line":43,"column":null}},"19":{"start":{"line":45,"column":22},"end":{"line":50,"column":null}},"20":{"start":{"line":52,"column":29},"end":{"line":56,"column":null}},"21":{"start":{"line":53,"column":4},"end":{"line":55,"column":null}},"22":{"start":{"line":54,"column":6},"end":{"line":54,"column":null}},"23":{"start":{"line":58,"column":2},"end":{"line":75,"column":null}},"24":{"start":{"line":71,"column":24},"end":{"line":71,"column":null}}},"fnMap":{"0":{"name":"Modal","decl":{"start":{"line":5,"column":24},"end":{"line":5,"column":30}},"loc":{"start":{"line":13,"column":15},"end":{"line":77,"column":null}},"line":13},"1":{"name":"(anonymous_1)","decl":{"start":{"line":18,"column":12},"end":{"line":18,"column":18}},"loc":{"start":{"line":18,"column":18},"end":{"line":29,"column":5}},"line":18},"2":{"name":"(anonymous_2)","decl":{"start":{"line":21,"column":25},"end":{"line":21,"column":26}},"loc":{"start":{"line":21,"column":47},"end":{"line":25,"column":null}},"line":21},"3":{"name":"(anonymous_3)","decl":{"start":{"line":28,"column":11},"end":{"line":28,"column":17}},"loc":{"start":{"line":28,"column":17},"end":{"line":28,"column":null}},"line":28},"4":{"name":"(anonymous_4)","decl":{"start":{"line":32,"column":12},"end":{"line":32,"column":18}},"loc":{"start":{"line":32,"column":18},"end":{"line":41,"column":5}},"line":32},"5":{"name":"(anonymous_5)","decl":{"start":{"line":38,"column":11},"end":{"line":38,"column":17}},"loc":{"start":{"line":38,"column":17},"end":{"line":40,"column":null}},"line":38},"6":{"name":"(anonymous_6)","decl":{"start":{"line":52,"column":29},"end":{"line":52,"column":30}},"loc":{"start":{"line":52,"column":70},"end":{"line":56,"column":null}},"line":52},"7":{"name":"(anonymous_7)","decl":{"start":{"line":71,"column":17},"end":{"line":71,"column":18}},"loc":{"start":{"line":71,"column":24},"end":{"line":71,"column":null}},"line":71}},"branchMap":{"0":{"loc":{"start":{"line":8,"column":2},"end":{"line":8,"column":null}},"type":"default-arg","locations":[{"start":{"line":8,"column":9},"end":{"line":8,"column":null}}],"line":8},"1":{"loc":{"start":{"line":10,"column":2},"end":{"line":10,"column":null}},"type":"default-arg","locations":[{"start":{"line":10,"column":24},"end":{"line":10,"column":null}}],"line":10},"2":{"loc":{"start":{"line":11,"column":2},"end":{"line":11,"column":null}},"type":"default-arg","locations":[{"start":{"line":11,"column":18},"end":{"line":11,"column":null}}],"line":11},"3":{"loc":{"start":{"line":12,"column":2},"end":{"line":12,"column":null}},"type":"default-arg","locations":[{"start":{"line":12,"column":14},"end":{"line":12,"column":null}}],"line":12},"4":{"loc":{"start":{"line":19,"column":4},"end":{"line":19,"column":null}},"type":"if","locations":[{"start":{"line":19,"column":4},"end":{"line":19,"column":null}},{"start":{},"end":{}}],"line":19},"5":{"loc":{"start":{"line":19,"column":8},"end":{"line":19,"column":35}},"type":"binary-expr","locations":[{"start":{"line":19,"column":8},"end":{"line":19,"column":19}},{"start":{"line":19,"column":19},"end":{"line":19,"column":35}}],"line":19},"6":{"loc":{"start":{"line":22,"column":6},"end":{"line":24,"column":null}},"type":"if","locations":[{"start":{"line":22,"column":6},"end":{"line":24,"column":null}},{"start":{},"end":{}}],"line":22},"7":{"loc":{"start":{"line":33,"column":4},"end":{"line":37,"column":null}},"type":"if","locations":[{"start":{"line":33,"column":4},"end":{"line":37,"column":null}},{"start":{"line":35,"column":11},"end":{"line":37,"column":null}}],"line":33},"8":{"loc":{"start":{"line":43,"column":2},"end":{"line":43,"column":null}},"type":"if","locations":[{"start":{"line":43,"column":2},"end":{"line":43,"column":null}},{"start":{},"end":{}}],"line":43},"9":{"loc":{"start":{"line":53,"column":4},"end":{"line":55,"column":null}},"type":"if","locations":[{"start":{"line":53,"column":4},"end":{"line":55,"column":null}},{"start":{},"end":{}}],"line":53},"10":{"loc":{"start":{"line":53,"column":8},"end":{"line":53,"column":61}},"type":"binary-expr","locations":[{"start":{"line":53,"column":8},"end":{"line":53,"column":31}},{"start":{"line":53,"column":31},"end":{"line":53,"column":61}}],"line":53},"11":{"loc":{"start":{"line":62,"column":11},"end":{"line":62,"column":null}},"type":"cond-expr","locations":[{"start":{"line":62,"column":19},"end":{"line":62,"column":27}},{"start":{"line":62,"column":27},"end":{"line":62,"column":null}}],"line":62}},"s":{"0":18,"1":18,"2":18,"3":18,"4":3,"5":15,"6":1,"7":1,"8":15,"9":15,"10":15,"11":18,"12":18,"13":16,"14":2,"15":18,"16":18,"17":18,"18":2,"19":16,"20":16,"21":2,"22":1,"23":16,"24":1},"f":{"0":18,"1":18,"2":1,"3":15,"4":18,"5":18,"6":2,"7":1},"b":{"0":[18],"1":[18],"2":[18],"3":[18],"4":[3,15],"5":[18,16],"6":[1,0],"7":[16,2],"8":[2,16],"9":[1,1],"10":[2,1],"11":[0,16]},"meta":{"lastBranch":12,"lastFunction":8,"lastStatement":25,"seen":{"f:5:24:5:30":0,"b:8:9:8:Infinity":0,"b:10:24:10:Infinity":1,"b:11:18:11:Infinity":2,"b:12:14:12:Infinity":3,"s:14:15:14:Infinity":0,"s:15:16:15:Infinity":1,"s:18:2:29:Infinity":2,"f:18:12:18:18":1,"b:19:4:19:Infinity:undefined:undefined:undefined:undefined":4,"s:19:4:19:Infinity":3,"b:19:8:19:19:19:19:19:35":5,"s:19:35:19:Infinity":4,"s:21:25:25:Infinity":5,"f:21:25:21:26":2,"b:22:6:24:Infinity:undefined:undefined:undefined:undefined":6,"s:22:6:24:Infinity":6,"s:23:8:23:Infinity":7,"s:27:4:27:Infinity":8,"s:28:4:28:Infinity":9,"f:28:11:28:17":3,"s:28:17:28:Infinity":10,"s:32:2:41:Infinity":11,"f:32:12:32:18":4,"b:33:4:37:Infinity:35:11:37:Infinity":7,"s:33:4:37:Infinity":12,"s:34:6:34:Infinity":13,"s:36:6:36:Infinity":14,"s:38:4:40:Infinity":15,"f:38:11:38:17":5,"s:39:6:39:Infinity":16,"b:43:2:43:Infinity:undefined:undefined:undefined:undefined":8,"s:43:2:43:Infinity":17,"s:43:15:43:Infinity":18,"s:45:22:50:Infinity":19,"s:52:29:56:Infinity":20,"f:52:29:52:30":6,"b:53:4:55:Infinity:undefined:undefined:undefined:undefined":9,"s:53:4:55:Infinity":21,"b:53:8:53:31:53:31:53:61":10,"s:54:6:54:Infinity":22,"s:58:2:75:Infinity":23,"b:62:19:62:27:62:27:62:Infinity":11,"f:71:17:71:18":7,"s:71:24:71:Infinity":24}}}
,"/home/abdelhak/Desktop/Study/Y3S1/SWE/DrivingQuizesProject/frontend/app/components/Quiz/QuizTimer.tsx": {"path":"/home/abdelhak/Desktop/Study/Y3S1/SWE/DrivingQuizesProject/frontend/app/components/Quiz/QuizTimer.tsx","statementMap":{"0":{"start":{"line":10,"column":18},"end":{"line":52,"column":null}},"1":{"start":{"line":11,"column":32},"end":{"line":11,"column":null}},"2":{"start":{"line":13,"column":4},"end":{"line":15,"column":null}},"3":{"start":{"line":14,"column":8},"end":{"line":14,"column":null}},"4":{"start":{"line":17,"column":4},"end":{"line":32,"column":null}},"5":{"start":{"line":18,"column":8},"end":{"line":18,"column":null}},"6":{"start":{"line":18,"column":36},"end":{"line":18,"column":null}},"7":{"start":{"line":20,"column":22},"end":{"line":29,"column":null}},"8":{"start":{"line":21,"column":12},"end":{"line":28,"column":null}},"9":{"start":{"line":22,"column":16},"end":{"line":26,"column":null}},"10":{"start":{"line":23,"column":20},"end":{"line":23,"column":null}},"11":{"start":{"line":24,"column":20},"end":{"line":24,"column":null}},"12":{"start":{"line":25,"column":20},"end":{"line":25,"column":null}},"13":{"start":{"line":27,"column":16},"end":{"line":27,"column":null}},"14":{"start":{"line":31,"column":8},"end":{"line":31,"column":null}},"15":{"start":{"line":31,"column":21},"end":{"line":31,"column":null}},"16":{"start":{"line":34,"column":4},"end":{"line":34,"column":null}},"17":{"start":{"line":34,"column":22},"end":{"line":34,"column":null}},"18":{"start":{"line":36,"column":20},"end":{"line":36,"column":null}},"19":{"start":{"line":37,"column":20},"end":{"line":37,"column":null}},"20":{"start":{"line":38,"column":22},"end":{"line":38,"column":null}},"21":{"start":{"line":40,"column":4},"end":{"line":50,"column":null}}},"fnMap":{"0":{"name":"(anonymous_0)","decl":{"start":{"line":10,"column":18},"end":{"line":10,"column":19}},"loc":{"start":{"line":10,"column":80},"end":{"line":52,"column":null}},"line":10},"1":{"name":"(anonymous_1)","decl":{"start":{"line":13,"column":14},"end":{"line":13,"column":20}},"loc":{"start":{"line":13,"column":20},"end":{"line":15,"column":7}},"line":13},"2":{"name":"(anonymous_2)","decl":{"start":{"line":17,"column":14},"end":{"line":17,"column":20}},"loc":{"start":{"line":17,"column":20},"end":{"line":32,"column":7}},"line":17},"3":{"name":"(anonymous_3)","decl":{"start":{"line":20,"column":34},"end":{"line":20,"column":40}},"loc":{"start":{"line":20,"column":40},"end":{"line":29,"column":11}},"line":20},"4":{"name":"(anonymous_4)","decl":{"start":{"line":21,"column":24},"end":{"line":21,"column":25}},"loc":{"start":{"line":21,"column":34},"end":{"line":28,"column":13}},"line":21},"5":{"name":"(anonymous_5)","decl":{"start":{"line":31,"column":15},"end":{"line":31,"column":21}},"loc":{"start":{"line":31,"column":21},"end":{"line":31,"column":null}},"line":31}},"branchMap":{"0":{"loc":{"start":{"line":11,"column":45},"end":{"line":11,"column":61}},"type":"binary-expr","locations":[{"start":{"line":11,"column":45},"end":{"line":11,"column":60}},{"start":{"line":11,"column":60},"end":{"line":11,"column":61}}],"line":11},"1":{"loc":{"start":{"line":14,"column":20},"end":{"line":14,"column":36}},"type":"binary-expr","locations":[{"start":{"line":14,"column":20},"end":{"line":14,"column":35}},{"start":{"line":14,"column":35},"end":{"line":14,"column":36}}],"line":14},"2":{"loc":{"start":{"line":18,"column":8},"end":{"line":18,"column":null}},"type":"if","locations":[{"start":{"line":18,"column":8},"end":{"line":18,"column":null}},{"start":{},"end":{}}],"line":18},"3":{"loc":{"start":{"line":18,"column":12},"end":{"line":18,"column":36}},"type":"binary-expr","locations":[{"start":{"line":18,"column":12},"end":{"line":18,"column":25}},{"start":{"line":18,"column":25},"end":{"line":18,"column":36}}],"line":18},"4":{"loc":{"start":{"line":22,"column":16},"end":{"line":26,"column":null}},"type":"if","locations":[{"start":{"line":22,"column":16},"end":{"line":26,"column":null}},{"start":{},"end":{}}],"line":22},"5":{"loc":{"start":{"line":34,"column":4},"end":{"line":34,"column":null}},"type":"if","locations":[{"start":{"line":34,"column":4},"end":{"line":34,"column":null}},{"start":{},"end":{}}],"line":34},"6":{"loc":{"start":{"line":43,"column":16},"end":{"line":43,"column":null}},"type":"cond-expr","locations":[{"start":{"line":43,"column":28},"end":{"line":43,"column":56}},{"start":{"line":43,"column":56},"end":{"line":43,"column":null}}],"line":43}},"s":{"0":1,"1":19,"2":19,"3":13,"4":19,"5":18,"6":4,"7":14,"8":18,"9":18,"10":2,"11":2,"12":2,"13":16,"14":14,"15":14,"16":19,"17":1,"18":18,"19":18,"20":18,"21":18},"f":{"0":19,"1":13,"2":18,"3":18,"4":18,"5":14},"b":{"0":[19,1],"1":[13,1],"2":[4,14],"3":[18,17],"4":[2,16],"5":[1,18],"6":[6,12]},"meta":{"lastBranch":7,"lastFunction":6,"lastStatement":22,"seen":{"s:10:18:52:Infinity":0,"f:10:18:10:19":0,"s:11:32:11:Infinity":1,"b:11:45:11:60:11:60:11:61":0,"s:13:4:15:Infinity":2,"f:13:14:13:20":1,"s:14:8:14:Infinity":3,"b:14:20:14:35:14:35:14:36":1,"s:17:4:32:Infinity":4,"f:17:14:17:20":2,"b:18:8:18:Infinity:undefined:undefined:undefined:undefined":2,"s:18:8:18:Infinity":5,"b:18:12:18:25:18:25:18:36":3,"s:18:36:18:Infinity":6,"s:20:22:29:Infinity":7,"f:20:34:20:40":3,"s:21:12:28:Infinity":8,"f:21:24:21:25":4,"b:22:16:26:Infinity:undefined:undefined:undefined:undefined":4,"s:22:16:26:Infinity":9,"s:23:20:23:Infinity":10,"s:24:20:24:Infinity":11,"s:25:20:25:Infinity":12,"s:27:16:27:Infinity":13,"s:31:8:31:Infinity":14,"f:31:15:31:21":5,"s:31:21:31:Infinity":15,"b:34:4:34:Infinity:undefined:undefined:undefined:undefined":5,"s:34:4:34:Infinity":16,"s:34:22:34:Infinity":17,"s:36:20:36:Infinity":18,"s:37:20:37:Infinity":19,"s:38:22:38:Infinity":20,"s:40:4:50:Infinity":21,"b:43:28:43:56:43:56:43:Infinity":6}}}
,"/home/abdelhak/Desktop/Study/Y3S1/SWE/DrivingQuizesProject/frontend/app/components/Toast/Toast.tsx": {"path":"/home/abdelhak/Desktop/Study/Y3S1/SWE/DrivingQuizesProject/frontend/app/components/Toast/Toast.tsx","statementMap":{"0":{"start":{"line":21,"column":15},"end":{"line":21,"column":null}},"1":{"start":{"line":22,"column":16},"end":{"line":22,"column":null}},"2":{"start":{"line":24,"column":2},"end":{"line":30,"column":null}},"3":{"start":{"line":25,"column":18},"end":{"line":27,"column":null}},"4":{"start":{"line":26,"column":6},"end":{"line":26,"column":null}},"5":{"start":{"line":29,"column":4},"end":{"line":29,"column":null}},"6":{"start":{"line":29,"column":17},"end":{"line":29,"column":null}},"7":{"start":{"line":32,"column":21},"end":{"line":89,"column":null}},"8":{"start":{"line":91,"column":17},"end":{"line":91,"column":null}},"9":{"start":{"line":93,"column":2},"end":{"line":116,"column":null}},"10":{"start":{"line":104,"column":23},"end":{"line":104,"column":null}}},"fnMap":{"0":{"name":"Toast","decl":{"start":{"line":14,"column":24},"end":{"line":14,"column":30}},"loc":{"start":{"line":20,"column":15},"end":{"line":118,"column":null}},"line":20},"1":{"name":"(anonymous_1)","decl":{"start":{"line":24,"column":12},"end":{"line":24,"column":18}},"loc":{"start":{"line":24,"column":18},"end":{"line":30,"column":5}},"line":24},"2":{"name":"(anonymous_2)","decl":{"start":{"line":25,"column":29},"end":{"line":25,"column":35}},"loc":{"start":{"line":25,"column":35},"end":{"line":27,"column":7}},"line":25},"3":{"name":"(anonymous_3)","decl":{"start":{"line":29,"column":11},"end":{"line":29,"column":17}},"loc":{"start":{"line":29,"column":17},"end":{"line":29,"column":null}},"line":29},"4":{"name":"(anonymous_4)","decl":{"start":{"line":104,"column":17},"end":{"line":104,"column":23}},"loc":{"start":{"line":104,"column":23},"end":{"line":104,"column":null}},"line":104}},"branchMap":{"0":{"loc":{"start":{"line":18,"column":2},"end":{"line":18,"column":null}},"type":"default-arg","locations":[{"start":{"line":18,"column":13},"end":{"line":18,"column":null}}],"line":18},"1":{"loc":{"start":{"line":98,"column":10},"end":{"line":98,"column":49}},"type":"cond-expr","locations":[{"start":{"line":98,"column":18},"end":{"line":98,"column":39}},{"start":{"line":98,"column":39},"end":{"line":98,"column":49}}],"line":98},"2":{"loc":{"start":{"line":105,"column":90},"end":{"line":105,"column":117}},"type":"cond-expr","locations":[{"start":{"line":105,"column":98},"end":{"line":105,"column":115}},{"start":{"line":105,"column":115},"end":{"line":105,"column":117}}],"line":105}},"s":{"0":10,"1":10,"2":10,"3":10,"4":2,"5":10,"6":10,"7":10,"8":10,"9":10,"10":0},"f":{"0":10,"1":10,"2":2,"3":10,"4":0},"b":{"0":[10],"1":[0,10],"2":[0,10]},"meta":{"lastBranch":3,"lastFunction":5,"lastStatement":11,"seen":{"f:14:24:14:30":0,"b:18:13:18:Infinity":0,"s:21:15:21:Infinity":0,"s:22:16:22:Infinity":1,"s:24:2:30:Infinity":2,"f:24:12:24:18":1,"s:25:18:27:Infinity":3,"f:25:29:25:35":2,"s:26:6:26:Infinity":4,"s:29:4:29:Infinity":5,"f:29:11:29:17":3,"s:29:17:29:Infinity":6,"s:32:21:89:Infinity":7,"s:91:17:91:Infinity":8,"s:93:2:116:Infinity":9,"b:98:18:98:39:98:39:98:49":1,"f:104:17:104:23":4,"s:104:23:104:Infinity":10,"b:105:98:105:115:105:115:105:117":2}}}
,"/home/abdelhak/Desktop/Study/Y3S1/SWE/DrivingQuizesProject/frontend/app/components/ui/button.tsx": {"path":"/home/abdelhak/Desktop/Study/Y3S1/SWE/DrivingQuizesProject/frontend/app/components/ui/button.tsx","statementMap":{"0":{"start":{"line":7,"column":6},"end":{"line":37,"column":null}},"1":{"start":{"line":49,"column":15},"end":{"line":49,"column":null}},"2":{"start":{"line":51,"column":2},"end":{"line":56,"column":null}}},"fnMap":{"0":{"name":"Button","decl":{"start":{"line":39,"column":9},"end":{"line":39,"column":16}},"loc":{"start":{"line":48,"column":5},"end":{"line":58,"column":null}},"line":48}},"branchMap":{"0":{"loc":{"start":{"line":43,"column":2},"end":{"line":43,"column":null}},"type":"default-arg","locations":[{"start":{"line":43,"column":12},"end":{"line":43,"column":null}}],"line":43},"1":{"loc":{"start":{"line":49,"column":15},"end":{"line":49,"column":null}},"type":"cond-expr","locations":[{"start":{"line":49,"column":25},"end":{"line":49,"column":32}},{"start":{"line":49,"column":32},"end":{"line":49,"column":null}}],"line":49}},"s":{"0":1,"1":16,"2":16},"f":{"0":16},"b":{"0":[16],"1":[1,15]},"meta":{"lastBranch":2,"lastFunction":1,"lastStatement":3,"seen":{"s:7:6:37:Infinity":0,"f:39:9:39:16":0,"b:43:12:43:Infinity":0,"s:49:15:49:Infinity":1,"b:49:25:49:32:49:32:49:Infinity":1,"s:51:2:56:Infinity":2}}}
,"/home/abdelhak/Desktop/Study/Y3S1/SWE/DrivingQuizesProject/frontend/app/contexts/AuthContext.tsx": {"path":"/home/abdelhak/Desktop/Study/Y3S1/SWE/DrivingQuizesProject/frontend/app/contexts/AuthContext.tsx","statementMap":{"0":{"start":{"line":28,"column":6},"end":{"line":28,"column":null}},"1":{"start":{"line":31,"column":22},"end":{"line":31,"column":null}},"2":{"start":{"line":32,"column":32},"end":{"line":32,"column":null}},"3":{"start":{"line":34,"column":19},"end":{"line":34,"column":null}},"4":{"start":{"line":35,"column":26},"end":{"line":35,"column":null}},"5":{"start":{"line":36,"column":18},"end":{"line":36,"column":null}},"6":{"start":{"line":37,"column":20},"end":{"line":37,"column":null}},"7":{"start":{"line":38,"column":18},"end":{"line":38,"column":null}},"8":{"start":{"line":40,"column":18},"end":{"line":47,"column":null}},"9":{"start":{"line":41,"column":4},"end":{"line":41,"column":null}},"10":{"start":{"line":43,"column":4},"end":{"line":43,"column":null}},"11":{"start":{"line":44,"column":4},"end":{"line":46,"column":null}},"12":{"start":{"line":45,"column":6},"end":{"line":45,"column":null}},"13":{"start":{"line":49,"column":17},"end":{"line":55,"column":null}},"14":{"start":{"line":50,"column":4},"end":{"line":50,"column":null}},"15":{"start":{"line":51,"column":4},"end":{"line":51,"column":null}},"16":{"start":{"line":52,"column":4},"end":{"line":52,"column":null}},"17":{"start":{"line":53,"column":4},"end":{"line":53,"column":null}},"18":{"start":{"line":54,"column":4},"end":{"line":54,"column":null}},"19":{"start":{"line":57,"column":20},"end":{"line":71,"column":null}},"20":{"start":{"line":58,"column":18},"end":{"line":58,"column":null}},"21":{"start":{"line":59,"column":27},"end":{"line":59,"column":null}},"22":{"start":{"line":60,"column":24},"end":{"line":60,"column":null}},"23":{"start":{"line":62,"column":4},"end":{"line":69,"column":null}},"24":{"start":{"line":63,"column":6},"end":{"line":66,"column":null}},"25":{"start":{"line":68,"column":6},"end":{"line":68,"column":null}},"26":{"start":{"line":70,"column":4},"end":{"line":70,"column":null}},"27":{"start":{"line":73,"column":2},"end":{"line":75,"column":null}},"28":{"start":{"line":74,"column":4},"end":{"line":74,"column":null}},"29":{"start":{"line":77,"column":33},"end":{"line":88,"column":null}},"30":{"start":{"line":90,"column":2},"end":{"line":90,"column":null}},"31":{"start":{"line":94,"column":8},"end":{"line":94,"column":null}},"32":{"start":{"line":95,"column":2},"end":{"line":97,"column":null}},"33":{"start":{"line":96,"column":4},"end":{"line":96,"column":null}},"34":{"start":{"line":98,"column":2},"end":{"line":98,"column":null}}},"fnMap":{"0":{"name":"AuthProvider","decl":{"start":{"line":30,"column":16},"end":{"line":30,"column":29}},"loc":{"start":{"line":30,"column":68},"end":{"line":91,"column":null}},"line":30},"1":{"name":"(anonymous_1)","decl":{"start":{"line":40,"column":18},"end":{"line":40,"column":19}},"loc":{"start":{"line":40,"column":42},"end":{"line":47,"column":null}},"line":40},"2":{"name":"(anonymous_2)","decl":{"start":{"line":49,"column":17},"end":{"line":49,"column":23}},"loc":{"start":{"line":49,"column":23},"end":{"line":55,"column":null}},"line":49},"3":{"name":"(anonymous_3)","decl":{"start":{"line":57,"column":20},"end":{"line":57,"column":26}},"loc":{"start":{"line":57,"column":26},"end":{"line":71,"column":null}},"line":57},"4":{"name":"(anonymous_4)","decl":{"start":{"line":73,"column":12},"end":{"line":73,"column":18}},"loc":{"start":{"line":73,"column":18},"end":{"line":75,"column":5}},"line":73},"5":{"name":"useAuth","decl":{"start":{"line":93,"column":16},"end":{"line":93,"column":26}},"loc":{"start":{"line":93,"column":26},"end":{"line":99,"column":null}},"line":93}},"branchMap":{"0":{"loc":{"start":{"line":34,"column":19},"end":{"line":34,"column":null}},"type":"binary-expr","locations":[{"start":{"line":34,"column":19},"end":{"line":34,"column":33}},{"start":{"line":34,"column":33},"end":{"line":34,"column":null}}],"line":34},"1":{"loc":{"start":{"line":35,"column":26},"end":{"line":35,"column":null}},"type":"binary-expr","locations":[{"start":{"line":35,"column":26},"end":{"line":35,"column":36}},{"start":{"line":35,"column":36},"end":{"line":35,"column":null}}],"line":35},"2":{"loc":{"start":{"line":43,"column":37},"end":{"line":43,"column":56}},"type":"binary-expr","locations":[{"start":{"line":43,"column":37},"end":{"line":43,"column":54}},{"start":{"line":43,"column":54},"end":{"line":43,"column":56}}],"line":43},"3":{"loc":{"start":{"line":44,"column":4},"end":{"line":46,"column":null}},"type":"if","locations":[{"start":{"line":44,"column":4},"end":{"line":46,"column":null}},{"start":{},"end":{}}],"line":44},"4":{"loc":{"start":{"line":62,"column":4},"end":{"line":69,"column":null}},"type":"if","locations":[{"start":{"line":62,"column":4},"end":{"line":69,"column":null}},{"start":{"line":67,"column":11},"end":{"line":69,"column":null}}],"line":62},"5":{"loc":{"start":{"line":62,"column":8},"end":{"line":62,"column":33}},"type":"binary-expr","locations":[{"start":{"line":62,"column":8},"end":{"line":62,"column":17}},{"start":{"line":62,"column":17},"end":{"line":62,"column":33}}],"line":62},"6":{"loc":{"start":{"line":65,"column":21},"end":{"line":65,"column":null}},"type":"binary-expr","locations":[{"start":{"line":65,"column":21},"end":{"line":65,"column":36}},{"start":{"line":65,"column":36},"end":{"line":65,"column":null}}],"line":65},"7":{"loc":{"start":{"line":95,"column":2},"end":{"line":97,"column":null}},"type":"if","locations":[{"start":{"line":95,"column":2},"end":{"line":97,"column":null}},{"start":{},"end":{}}],"line":95}},"s":{"0":3,"1":27,"2":27,"3":27,"4":27,"5":27,"6":27,"7":27,"8":27,"9":7,"10":7,"11":7,"12":2,"13":27,"14":2,"15":2,"16":2,"17":2,"18":2,"19":27,"20":9,"21":9,"22":9,"23":9,"24":1,"25":8,"26":9,"27":27,"28":9,"29":27,"30":27,"31":30,"32":30,"33":2,"34":27},"f":{"0":27,"1":7,"2":2,"3":9,"4":9,"5":30},"b":{"0":[27,19],"1":[27,8],"2":[7,0],"3":[2,5],"4":[1,8],"5":[9,1],"6":[1,1],"7":[2,28]},"meta":{"lastBranch":8,"lastFunction":6,"lastStatement":35,"seen":{"s:28:6:28:Infinity":0,"f:30:16:30:29":0,"s:31:22:31:Infinity":1,"s:32:32:32:Infinity":2,"s:34:19:34:Infinity":3,"b:34:19:34:33:34:33:34:Infinity":0,"s:35:26:35:Infinity":4,"b:35:26:35:36:35:36:35:Infinity":1,"s:36:18:36:Infinity":5,"s:37:20:37:Infinity":6,"s:38:18:38:Infinity":7,"s:40:18:47:Infinity":8,"f:40:18:40:19":1,"s:41:4:41:Infinity":9,"s:43:4:43:Infinity":10,"b:43:37:43:54:43:54:43:56":2,"b:44:4:46:Infinity:undefined:undefined:undefined:undefined":3,"s:44:4:46:Infinity":11,"s:45:6:45:Infinity":12,"s:49:17:55:Infinity":13,"f:49:17:49:23":2,"s:50:4:50:Infinity":14,"s:51:4:51:Infinity":15,"s:52:4:52:Infinity":16,"s:53:4:53:Infinity":17,"s:54:4:54:Infinity":18,"s:57:20:71:Infinity":19,"f:57:20:57:26":3,"s:58:18:58:Infinity":20,"s:59:27:59:Infinity":21,"s:60:24:60:Infinity":22,"b:62:4:69:Infinity:67:11:69:Infinity":4,"s:62:4:69:Infinity":23,"b:62:8:62:17:62:17:62:33":5,"s:63:6:66:Infinity":24,"b:65:21:65:36:65:36:65:Infinity":6,"s:68:6:68:Infinity":25,"s:70:4:70:Infinity":26,"s:73:2:75:Infinity":27,"f:73:12:73:18":4,"s:74:4:74:Infinity":28,"s:77:33:88:Infinity":29,"s:90:2:90:Infinity":30,"f:93:16:93:26":5,"s:94:8:94:Infinity":31,"b:95:2:97:Infinity:undefined:undefined:undefined:undefined":7,"s:95:2:97:Infinity":32,"s:96:4:96:Infinity":33,"s:98:2:98:Infinity":34}}}
,"/home/abdelhak/Desktop/Study/Y3S1/SWE/DrivingQuizesProject/frontend/app/hooks/useToast.ts": {"path":"/home/abdelhak/Desktop/Study/Y3S1/SWE/DrivingQuizesProject/frontend/app/hooks/useToast.ts","statementMap":{"0":{"start":{"line":16,"column":8},"end":{"line":32,"column":null}},"1":{"start":{"line":18,"column":17},"end":{"line":18,"column":null}},"2":{"start":{"line":19,"column":34},"end":{"line":19,"column":null}},"3":{"start":{"line":21,"column":6},"end":{"line":21,"column":null}},"4":{"start":{"line":23,"column":6},"end":{"line":27,"column":null}},"5":{"start":{"line":24,"column":8},"end":{"line":26,"column":null}},"6":{"start":{"line":25,"column":10},"end":{"line":25,"column":null}},"7":{"start":{"line":25,"column":30},"end":{"line":25,"column":61}},"8":{"start":{"line":25,"column":49},"end":{"line":25,"column":60}},"9":{"start":{"line":29,"column":6},"end":{"line":29,"column":null}},"10":{"start":{"line":34,"column":8},"end":{"line":39,"column":null}},"11":{"start":{"line":36,"column":6},"end":{"line":36,"column":null}},"12":{"start":{"line":36,"column":26},"end":{"line":36,"column":57}},"13":{"start":{"line":36,"column":45},"end":{"line":36,"column":56}},"14":{"start":{"line":41,"column":8},"end":{"line":44,"column":null}},"15":{"start":{"line":42,"column":44},"end":{"line":42,"column":null}},"16":{"start":{"line":46,"column":8},"end":{"line":49,"column":null}},"17":{"start":{"line":47,"column":44},"end":{"line":47,"column":null}},"18":{"start":{"line":51,"column":8},"end":{"line":54,"column":null}},"19":{"start":{"line":52,"column":44},"end":{"line":52,"column":null}},"20":{"start":{"line":56,"column":8},"end":{"line":59,"column":null}},"21":{"start":{"line":57,"column":44},"end":{"line":57,"column":null}},"22":{"start":{"line":61,"column":2},"end":{"line":61,"column":null}}},"fnMap":{"0":{"name":"useToast","decl":{"start":{"line":15,"column":16},"end":{"line":15,"column":25}},"loc":{"start":{"line":15,"column":65},"end":{"line":62,"column":null}},"line":15},"1":{"name":"(anonymous_1)","decl":{"start":{"line":17,"column":4},"end":{"line":17,"column":5}},"loc":{"start":{"line":17,"column":76},"end":{"line":30,"column":null}},"line":17},"2":{"name":"(anonymous_2)","decl":{"start":{"line":24,"column":19},"end":{"line":24,"column":25}},"loc":{"start":{"line":24,"column":25},"end":{"line":26,"column":11}},"line":24},"3":{"name":"(anonymous_3)","decl":{"start":{"line":25,"column":20},"end":{"line":25,"column":21}},"loc":{"start":{"line":25,"column":30},"end":{"line":25,"column":61}},"line":25},"4":{"name":"(anonymous_4)","decl":{"start":{"line":25,"column":42},"end":{"line":25,"column":43}},"loc":{"start":{"line":25,"column":49},"end":{"line":25,"column":60}},"line":25},"5":{"name":"(anonymous_5)","decl":{"start":{"line":35,"column":4},"end":{"line":35,"column":5}},"loc":{"start":{"line":35,"column":20},"end":{"line":37,"column":null}},"line":35},"6":{"name":"(anonymous_6)","decl":{"start":{"line":36,"column":16},"end":{"line":36,"column":17}},"loc":{"start":{"line":36,"column":26},"end":{"line":36,"column":57}},"line":36},"7":{"name":"(anonymous_7)","decl":{"start":{"line":36,"column":38},"end":{"line":36,"column":39}},"loc":{"start":{"line":36,"column":45},"end":{"line":36,"column":56}},"line":36},"8":{"name":"(anonymous_8)","decl":{"start":{"line":42,"column":4},"end":{"line":42,"column":5}},"loc":{"start":{"line":42,"column":44},"end":{"line":42,"column":null}},"line":42},"9":{"name":"(anonymous_9)","decl":{"start":{"line":47,"column":4},"end":{"line":47,"column":5}},"loc":{"start":{"line":47,"column":44},"end":{"line":47,"column":null}},"line":47},"10":{"name":"(anonymous_10)","decl":{"start":{"line":52,"column":4},"end":{"line":52,"column":5}},"loc":{"start":{"line":52,"column":44},"end":{"line":52,"column":null}},"line":52},"11":{"name":"(anonymous_11)","decl":{"start":{"line":57,"column":4},"end":{"line":57,"column":5}},"loc":{"start":{"line":57,"column":44},"end":{"line":57,"column":null}},"line":57}},"branchMap":{"0":{"loc":{"start":{"line":17,"column":22},"end":{"line":17,"column":48}},"type":"default-arg","locations":[{"start":{"line":17,"column":40},"end":{"line":17,"column":48}}],"line":17},"1":{"loc":{"start":{"line":17,"column":48},"end":{"line":17,"column":76}},"type":"default-arg","locations":[{"start":{"line":17,"column":67},"end":{"line":17,"column":76}}],"line":17},"2":{"loc":{"start":{"line":23,"column":6},"end":{"line":27,"column":null}},"type":"if","locations":[{"start":{"line":23,"column":6},"end":{"line":27,"column":null}},{"start":{},"end":{}}],"line":23}},"s":{"0":9,"1":9,"2":9,"3":9,"4":9,"5":8,"6":1,"7":1,"8":1,"9":9,"10":9,"11":1,"12":1,"13":1,"14":9,"15":1,"16":9,"17":1,"18":9,"19":1,"20":9,"21":1,"22":9},"f":{"0":9,"1":9,"2":1,"3":1,"4":1,"5":1,"6":1,"7":1,"8":1,"9":1,"10":1,"11":1},"b":{"0":[9],"1":[9],"2":[8,1]},"meta":{"lastBranch":3,"lastFunction":12,"lastStatement":23,"seen":{"f:15:16:15:25":0,"s:16:8:32:Infinity":0,"f:17:4:17:5":1,"b:17:40:17:48":0,"b:17:67:17:76":1,"s:18:17:18:Infinity":1,"s:19:34:19:Infinity":2,"s:21:6:21:Infinity":3,"b:23:6:27:Infinity:undefined:undefined:undefined:undefined":2,"s:23:6:27:Infinity":4,"s:24:8:26:Infinity":5,"f:24:19:24:25":2,"s:25:10:25:Infinity":6,"f:25:20:25:21":3,"s:25:30:25:61":7,"f:25:42:25:43":4,"s:25:49:25:60":8,"s:29:6:29:Infinity":9,"s:34:8:39:Infinity":10,"f:35:4:35:5":5,"s:36:6:36:Infinity":11,"f:36:16:36:17":6,"s:36:26:36:57":12,"f:36:38:36:39":7,"s:36:45:36:56":13,"s:41:8:44:Infinity":14,"f:42:4:42:5":8,"s:42:44:42:Infinity":15,"s:46:8:49:Infinity":16,"f:47:4:47:5":9,"s:47:44:47:Infinity":17,"s:51:8:54:Infinity":18,"f:52:4:52:5":10,"s:52:44:52:Infinity":19,"s:56:8:59:Infinity":20,"f:57:4:57:5":11,"s:57:44:57:Infinity":21,"s:61:2:61:Infinity":22}}}
,"/home/abdelhak/Desktop/Study/Y3S1/SWE/DrivingQuizesProject/frontend/app/lib/utils.ts": {"path":"/home/abdelhak/Desktop/Study/Y3S1/SWE/DrivingQuizesProject/frontend/app/lib/utils.ts","statementMap":{"0":{"start":{"line":5,"column":2},"end":{"line":5,"column":null}}},"fnMap":{"0":{"name":"cn","decl":{"start":{"line":4,"column":16},"end":{"line":4,"column":22}},"loc":{"start":{"line":4,"column":44},"end":{"line":6,"column":null}},"line":4}},"branchMap":{},"s":{"0":25},"f":{"0":25},"b":{},"meta":{"lastBranch":0,"lastFunction":1,"lastStatement":1,"seen":{"f:4:16:4:22":0,"s:5:2:5:Infinity":0}}}
,"/home/abdelhak/Desktop/Study/Y3S1/SWE/DrivingQuizesProject/frontend/app/services/api.ts": {"path":"/home/abdelhak/Desktop/Study/Y3S1/SWE/DrivingQuizesProject/frontend/app/services/api.ts","statementMap":{"0":{"start":{"line":12,"column":21},"end":{"line":12,"column":null}},"1":{"start":{"line":421,"column":31},"end":{"line":421,"column":null}},"2":{"start":{"line":424,"column":2},"end":{"line":424,"column":null}},"3":{"start":{"line":425,"column":2},"end":{"line":425,"column":null}},"4":{"start":{"line":429,"column":2},"end":{"line":431,"column":null}},"5":{"start":{"line":430,"column":4},"end":{"line":430,"column":null}},"6":{"start":{"line":432,"column":2},"end":{"line":432,"column":null}},"7":{"start":{"line":436,"column":2},"end":{"line":436,"column":null}},"8":{"start":{"line":437,"column":2},"end":{"line":437,"column":null}},"9":{"start":{"line":441,"column":2},"end":{"line":441,"column":null}},"10":{"start":{"line":448,"column":16},"end":{"line":448,"column":null}},"11":{"start":{"line":449,"column":42},"end":{"line":452,"column":null}},"12":{"start":{"line":454,"column":2},"end":{"line":456,"column":null}},"13":{"start":{"line":455,"column":4},"end":{"line":455,"column":null}},"14":{"start":{"line":458,"column":19},"end":{"line":461,"column":null}},"15":{"start":{"line":463,"column":2},"end":{"line":468,"column":null}},"16":{"start":{"line":464,"column":28},"end":{"line":466,"column":null}},"17":{"start":{"line":464,"column":63},"end":{"line":466,"column":6}},"18":{"start":{"line":467,"column":4},"end":{"line":467,"column":null}},"19":{"start":{"line":470,"column":2},"end":{"line":470,"column":null}},"20":{"start":{"line":478,"column":19},"end":{"line":484,"column":null}},"21":{"start":{"line":486,"column":2},"end":{"line":491,"column":null}},"22":{"start":{"line":487,"column":28},"end":{"line":489,"column":null}},"23":{"start":{"line":487,"column":63},"end":{"line":489,"column":6}},"24":{"start":{"line":490,"column":4},"end":{"line":490,"column":null}},"25":{"start":{"line":493,"column":17},"end":{"line":493,"column":null}},"26":{"start":{"line":494,"column":2},"end":{"line":494,"column":null}},"27":{"start":{"line":495,"column":2},"end":{"line":495,"column":null}},"28":{"start":{"line":499,"column":19},"end":{"line":505,"column":null}},"29":{"start":{"line":507,"column":2},"end":{"line":512,"column":null}},"30":{"start":{"line":508,"column":28},"end":{"line":510,"column":null}},"31":{"start":{"line":508,"column":63},"end":{"line":510,"column":6}},"32":{"start":{"line":511,"column":4},"end":{"line":511,"column":null}},"33":{"start":{"line":516,"column":2},"end":{"line":516,"column":null}},"34":{"start":{"line":520,"column":19},"end":{"line":526,"column":null}},"35":{"start":{"line":528,"column":2},"end":{"line":533,"column":null}},"36":{"start":{"line":529,"column":28},"end":{"line":531,"column":null}},"37":{"start":{"line":529,"column":63},"end":{"line":531,"column":6}},"38":{"start":{"line":532,"column":4},"end":{"line":532,"column":null}},"39":{"start":{"line":535,"column":17},"end":{"line":535,"column":null}},"40":{"start":{"line":536,"column":2},"end":{"line":536,"column":null}},"41":{"start":{"line":537,"column":2},"end":{"line":537,"column":null}},"42":{"start":{"line":543,"column":19},"end":{"line":552,"column":null}},"43":{"start":{"line":554,"column":2},"end":{"line":559,"column":null}},"44":{"start":{"line":555,"column":28},"end":{"line":557,"column":null}},"45":{"start":{"line":555,"column":63},"end":{"line":557,"column":6}},"46":{"start":{"line":558,"column":4},"end":{"line":558,"column":null}},"47":{"start":{"line":561,"column":17},"end":{"line":561,"column":null}},"48":{"start":{"line":562,"column":2},"end":{"line":562,"column":null}},"49":{"start":{"line":563,"column":2},"end":{"line":563,"column":null}},"50":{"start":{"line":577,"column":19},"end":{"line":583,"column":null}},"51":{"start":{"line":585,"column":2},"end":{"line":590,"column":null}},"52":{"start":{"line":586,"column":28},"end":{"line":588,"column":null}},"53":{"start":{"line":586,"column":63},"end":{"line":588,"column":6}},"54":{"start":{"line":589,"column":4},"end":{"line":589,"column":null}},"55":{"start":{"line":592,"column":2},"end":{"line":592,"column":null}},"56":{"start":{"line":611,"column":19},"end":{"line":617,"column":null}},"57":{"start":{"line":619,"column":2},"end":{"line":624,"column":null}},"58":{"start":{"line":620,"column":28},"end":{"line":622,"column":null}},"59":{"start":{"line":620,"column":63},"end":{"line":622,"column":6}},"60":{"start":{"line":623,"column":4},"end":{"line":623,"column":null}},"61":{"start":{"line":626,"column":2},"end":{"line":626,"column":null}},"62":{"start":{"line":630,"column":2},"end":{"line":630,"column":null}},"63":{"start":{"line":655,"column":19},"end":{"line":661,"column":null}},"64":{"start":{"line":663,"column":2},"end":{"line":668,"column":null}},"65":{"start":{"line":664,"column":28},"end":{"line":666,"column":null}},"66":{"start":{"line":664,"column":63},"end":{"line":666,"column":6}},"67":{"start":{"line":667,"column":4},"end":{"line":667,"column":null}},"68":{"start":{"line":670,"column":2},"end":{"line":670,"column":null}},"69":{"start":{"line":680,"column":19},"end":{"line":687,"column":null}},"70":{"start":{"line":689,"column":2},"end":{"line":694,"column":null}},"71":{"start":{"line":690,"column":28},"end":{"line":692,"column":null}},"72":{"start":{"line":690,"column":63},"end":{"line":692,"column":6}},"73":{"start":{"line":693,"column":4},"end":{"line":693,"column":null}},"74":{"start":{"line":696,"column":2},"end":{"line":696,"column":null}},"75":{"start":{"line":710,"column":19},"end":{"line":716,"column":null}},"76":{"start":{"line":718,"column":2},"end":{"line":723,"column":null}},"77":{"start":{"line":719,"column":28},"end":{"line":721,"column":null}},"78":{"start":{"line":719,"column":63},"end":{"line":721,"column":6}},"79":{"start":{"line":722,"column":4},"end":{"line":722,"column":null}},"80":{"start":{"line":725,"column":2},"end":{"line":725,"column":null}},"81":{"start":{"line":753,"column":19},"end":{"line":762,"column":null}},"82":{"start":{"line":764,"column":2},"end":{"line":769,"column":null}},"83":{"start":{"line":765,"column":28},"end":{"line":767,"column":null}},"84":{"start":{"line":765,"column":63},"end":{"line":767,"column":6}},"85":{"start":{"line":768,"column":4},"end":{"line":768,"column":null}},"86":{"start":{"line":771,"column":2},"end":{"line":771,"column":null}},"87":{"start":{"line":779,"column":2},"end":{"line":779,"column":null}},"88":{"start":{"line":783,"column":2},"end":{"line":783,"column":null}},"89":{"start":{"line":787,"column":2},"end":{"line":787,"column":null}},"90":{"start":{"line":795,"column":2},"end":{"line":795,"column":null}},"91":{"start":{"line":799,"column":2},"end":{"line":799,"column":null}},"92":{"start":{"line":803,"column":2},"end":{"line":806,"column":null}},"93":{"start":{"line":813,"column":2},"end":{"line":816,"column":null}},"94":{"start":{"line":820,"column":2},"end":{"line":822,"column":null}},"95":{"start":{"line":829,"column":2},"end":{"line":832,"column":null}},"96":{"start":{"line":839,"column":2},"end":{"line":841,"column":null}},"97":{"start":{"line":848,"column":2},"end":{"line":851,"column":null}},"98":{"start":{"line":863,"column":22},"end":{"line":863,"column":null}},"99":{"start":{"line":864,"column":2},"end":{"line":864,"column":null}},"100":{"start":{"line":864,"column":21},"end":{"line":864,"column":null}},"101":{"start":{"line":865,"column":2},"end":{"line":865,"column":null}},"102":{"start":{"line":865,"column":22},"end":{"line":865,"column":null}},"103":{"start":{"line":866,"column":2},"end":{"line":866,"column":null}},"104":{"start":{"line":866,"column":22},"end":{"line":866,"column":null}},"105":{"start":{"line":868,"column":14},"end":{"line":868,"column":null}},"106":{"start":{"line":869,"column":2},"end":{"line":869,"column":null}},"107":{"start":{"line":873,"column":2},"end":{"line":873,"column":null}},"108":{"start":{"line":879,"column":2},"end":{"line":882,"column":null}},"109":{"start":{"line":889,"column":2},"end":{"line":892,"column":null}},"110":{"start":{"line":896,"column":2},"end":{"line":898,"column":null}},"111":{"start":{"line":903,"column":2},"end":{"line":903,"column":null}},"112":{"start":{"line":912,"column":2},"end":{"line":912,"column":null}},"113":{"start":{"line":916,"column":2},"end":{"line":916,"column":null}},"114":{"start":{"line":920,"column":2},"end":{"line":923,"column":null}},"115":{"start":{"line":927,"column":2},"end":{"line":929,"column":null}},"116":{"start":{"line":941,"column":2},"end":{"line":944,"column":null}},"117":{"start":{"line":952,"column":2},"end":{"line":952,"column":null}},"118":{"start":{"line":956,"column":2},"end":{"line":956,"column":null}},"119":{"start":{"line":960,"column":2},"end":{"line":960,"column":null}},"120":{"start":{"line":966,"column":2},"end":{"line":969,"column":null}},"121":{"start":{"line":976,"column":2},"end":{"line":979,"column":null}},"122":{"start":{"line":983,"column":14},"end":{"line":985,"column":null}},"123":{"start":{"line":986,"column":2},"end":{"line":988,"column":null}},"124":{"start":{"line":996,"column":2},"end":{"line":996,"column":null}},"125":{"start":{"line":1002,"column":2},"end":{"line":1005,"column":null}},"126":{"start":{"line":1011,"column":2},"end":{"line":1014,"column":null}},"127":{"start":{"line":1018,"column":16},"end":{"line":1018,"column":null}},"128":{"start":{"line":1019,"column":19},"end":{"line":1019,"column":null}},"129":{"start":{"line":1020,"column":2},"end":{"line":1020,"column":null}},"130":{"start":{"line":1022,"column":19},"end":{"line":1028,"column":null}},"131":{"start":{"line":1030,"column":2},"end":{"line":1035,"column":null}},"132":{"start":{"line":1031,"column":28},"end":{"line":1033,"column":null}},"133":{"start":{"line":1031,"column":63},"end":{"line":1033,"column":6}},"134":{"start":{"line":1034,"column":4},"end":{"line":1034,"column":null}},"135":{"start":{"line":1037,"column":2},"end":{"line":1037,"column":null}},"136":{"start":{"line":1041,"column":16},"end":{"line":1041,"column":null}},"137":{"start":{"line":1042,"column":19},"end":{"line":1042,"column":null}},"138":{"start":{"line":1043,"column":2},"end":{"line":1043,"column":null}},"139":{"start":{"line":1045,"column":19},"end":{"line":1051,"column":null}},"140":{"start":{"line":1053,"column":2},"end":{"line":1058,"column":null}},"141":{"start":{"line":1054,"column":28},"end":{"line":1056,"column":null}},"142":{"start":{"line":1054,"column":63},"end":{"line":1056,"column":6}},"143":{"start":{"line":1057,"column":4},"end":{"line":1057,"column":null}},"144":{"start":{"line":1060,"column":2},"end":{"line":1060,"column":null}}},"fnMap":{"0":{"name":"setAuthToken","decl":{"start":{"line":423,"column":16},"end":{"line":423,"column":29}},"loc":{"start":{"line":423,"column":44},"end":{"line":426,"column":null}},"line":423},"1":{"name":"getAuthToken","decl":{"start":{"line":428,"column":16},"end":{"line":428,"column":46}},"loc":{"start":{"line":428,"column":46},"end":{"line":433,"column":null}},"line":428},"2":{"name":"clearAuthToken","decl":{"start":{"line":435,"column":16},"end":{"line":435,"column":33}},"loc":{"start":{"line":435,"column":33},"end":{"line":438,"column":null}},"line":435},"3":{"name":"isAuthenticated","decl":{"start":{"line":440,"column":16},"end":{"line":440,"column":43}},"loc":{"start":{"line":440,"column":43},"end":{"line":442,"column":null}},"line":440},"4":{"name":"fetchAPI","decl":{"start":{"line":444,"column":15},"end":{"line":444,"column":null}},"loc":{"start":{"line":447,"column":14},"end":{"line":471,"column":null}},"line":447},"5":{"name":"(anonymous_5)","decl":{"start":{"line":464,"column":56},"end":{"line":464,"column":63}},"loc":{"start":{"line":464,"column":63},"end":{"line":466,"column":6}},"line":464},"6":{"name":"login","decl":{"start":{"line":477,"column":22},"end":{"line":477,"column":28}},"loc":{"start":{"line":477,"column":72},"end":{"line":496,"column":null}},"line":477},"7":{"name":"(anonymous_7)","decl":{"start":{"line":487,"column":56},"end":{"line":487,"column":63}},"loc":{"start":{"line":487,"column":63},"end":{"line":489,"column":6}},"line":487},"8":{"name":"register","decl":{"start":{"line":498,"column":22},"end":{"line":498,"column":31}},"loc":{"start":{"line":498,"column":69},"end":{"line":513,"column":null}},"line":498},"9":{"name":"(anonymous_9)","decl":{"start":{"line":508,"column":56},"end":{"line":508,"column":63}},"loc":{"start":{"line":508,"column":63},"end":{"line":510,"column":6}},"line":508},"10":{"name":"logout","decl":{"start":{"line":515,"column":16},"end":{"line":515,"column":25}},"loc":{"start":{"line":515,"column":25},"end":{"line":517,"column":null}},"line":515},"11":{"name":"studentLogin","decl":{"start":{"line":519,"column":22},"end":{"line":519,"column":35}},"loc":{"start":{"line":519,"column":86},"end":{"line":538,"column":null}},"line":519},"12":{"name":"(anonymous_12)","decl":{"start":{"line":529,"column":56},"end":{"line":529,"column":63}},"loc":{"start":{"line":529,"column":63},"end":{"line":531,"column":6}},"line":529},"13":{"name":"quickCodeEntry","decl":{"start":{"line":540,"column":22},"end":{"line":540,"column":37}},"loc":{"start":{"line":540,"column":82},"end":{"line":564,"column":null}},"line":540},"14":{"name":"(anonymous_14)","decl":{"start":{"line":555,"column":56},"end":{"line":555,"column":63}},"loc":{"start":{"line":555,"column":63},"end":{"line":557,"column":6}},"line":555},"15":{"name":"getStudentDashboardOverview","decl":{"start":{"line":569,"column":22},"end":{"line":569,"column":null}},"loc":{"start":{"line":576,"column":3},"end":{"line":593,"column":null}},"line":576},"16":{"name":"(anonymous_16)","decl":{"start":{"line":586,"column":56},"end":{"line":586,"column":63}},"loc":{"start":{"line":586,"column":63},"end":{"line":588,"column":6}},"line":586},"17":{"name":"getAssignedQuizzes","decl":{"start":{"line":598,"column":22},"end":{"line":598,"column":null}},"loc":{"start":{"line":610,"column":4},"end":{"line":627,"column":null}},"line":610},"18":{"name":"(anonymous_18)","decl":{"start":{"line":620,"column":56},"end":{"line":620,"column":63}},"loc":{"start":{"line":620,"column":63},"end":{"line":622,"column":6}},"line":620},"19":{"name":"getUserType","decl":{"start":{"line":629,"column":16},"end":{"line":629,"column":45}},"loc":{"start":{"line":629,"column":45},"end":{"line":631,"column":null}},"line":629},"20":{"name":"startQuiz","decl":{"start":{"line":636,"column":22},"end":{"line":636,"column":32}},"loc":{"start":{"line":654,"column":3},"end":{"line":671,"column":null}},"line":654},"21":{"name":"(anonymous_21)","decl":{"start":{"line":664,"column":56},"end":{"line":664,"column":63}},"loc":{"start":{"line":664,"column":63},"end":{"line":666,"column":6}},"line":664},"22":{"name":"submitQuizAnswer","decl":{"start":{"line":676,"column":22},"end":{"line":676,"column":null}},"loc":{"start":{"line":679,"column":71},"end":{"line":697,"column":null}},"line":679},"23":{"name":"(anonymous_23)","decl":{"start":{"line":690,"column":56},"end":{"line":690,"column":63}},"loc":{"start":{"line":690,"column":63},"end":{"line":692,"column":6}},"line":690},"24":{"name":"finishQuiz","decl":{"start":{"line":702,"column":22},"end":{"line":702,"column":33}},"loc":{"start":{"line":709,"column":3},"end":{"line":726,"column":null}},"line":709},"25":{"name":"(anonymous_25)","decl":{"start":{"line":719,"column":56},"end":{"line":719,"column":63}},"loc":{"start":{"line":719,"column":63},"end":{"line":721,"column":6}},"line":719},"26":{"name":"getQuizReview","decl":{"start":{"line":731,"column":22},"end":{"line":731,"column":36}},"loc":{"start":{"line":752,"column":3},"end":{"line":772,"column":null}},"line":752},"27":{"name":"(anonymous_27)","decl":{"start":{"line":765,"column":56},"end":{"line":765,"column":63}},"loc":{"start":{"line":765,"column":63},"end":{"line":767,"column":6}},"line":765},"28":{"name":"getDashboardStats","decl":{"start":{"line":778,"column":22},"end":{"line":778,"column":67}},"loc":{"start":{"line":778,"column":67},"end":{"line":780,"column":null}},"line":778},"29":{"name":"getDashboardOverview","decl":{"start":{"line":782,"column":22},"end":{"line":782,"column":81}},"loc":{"start":{"line":782,"column":81},"end":{"line":784,"column":null}},"line":782},"30":{"name":"getDashboardStatsDetailed","decl":{"start":{"line":786,"column":22},"end":{"line":786,"column":83}},"loc":{"start":{"line":786,"column":83},"end":{"line":788,"column":null}},"line":786},"31":{"name":"getRooms","decl":{"start":{"line":794,"column":22},"end":{"line":794,"column":50}},"loc":{"start":{"line":794,"column":50},"end":{"line":796,"column":null}},"line":794},"32":{"name":"getRoomDetail","decl":{"start":{"line":798,"column":22},"end":{"line":798,"column":36}},"loc":{"start":{"line":798,"column":73},"end":{"line":800,"column":null}},"line":798},"33":{"name":"createRoom","decl":{"start":{"line":802,"column":22},"end":{"line":802,"column":33}},"loc":{"start":{"line":802,"column":73},"end":{"line":807,"column":null}},"line":802},"34":{"name":"updateRoom","decl":{"start":{"line":809,"column":22},"end":{"line":809,"column":null}},"loc":{"start":{"line":812,"column":17},"end":{"line":817,"column":null}},"line":812},"35":{"name":"deleteRoom","decl":{"start":{"line":819,"column":22},"end":{"line":819,"column":33}},"loc":{"start":{"line":819,"column":64},"end":{"line":823,"column":null}},"line":819},"36":{"name":"addStudentToRoom","decl":{"start":{"line":825,"column":22},"end":{"line":825,"column":null}},"loc":{"start":{"line":828,"column":17},"end":{"line":833,"column":null}},"line":828},"37":{"name":"removeStudentFromRoom","decl":{"start":{"line":835,"column":22},"end":{"line":835,"column":null}},"loc":{"start":{"line":838,"column":17},"end":{"line":842,"column":null}},"line":838},"38":{"name":"assignQuizToRoom","decl":{"start":{"line":844,"column":22},"end":{"line":844,"column":null}},"loc":{"start":{"line":847,"column":17},"end":{"line":852,"column":null}},"line":847},"39":{"name":"listStudents","decl":{"start":{"line":858,"column":22},"end":{"line":858,"column":35}},"loc":{"start":{"line":862,"column":23},"end":{"line":870,"column":null}},"line":862},"40":{"name":"getStudent","decl":{"start":{"line":872,"column":22},"end":{"line":872,"column":33}},"loc":{"start":{"line":872,"column":70},"end":{"line":874,"column":null}},"line":872},"41":{"name":"createStudent","decl":{"start":{"line":876,"column":22},"end":{"line":876,"column":null}},"loc":{"start":{"line":878,"column":20},"end":{"line":883,"column":null}},"line":878},"42":{"name":"updateStudent","decl":{"start":{"line":885,"column":22},"end":{"line":885,"column":null}},"loc":{"start":{"line":888,"column":20},"end":{"line":893,"column":null}},"line":888},"43":{"name":"deleteStudent","decl":{"start":{"line":895,"column":22},"end":{"line":895,"column":36}},"loc":{"start":{"line":895,"column":70},"end":{"line":899,"column":null}},"line":895},"44":{"name":"getStudentRooms","decl":{"start":{"line":901,"column":22},"end":{"line":901,"column":38}},"loc":{"start":{"line":901,"column":80},"end":{"line":904,"column":null}},"line":901},"45":{"name":"getQuizzes","decl":{"start":{"line":911,"column":22},"end":{"line":911,"column":52}},"loc":{"start":{"line":911,"column":52},"end":{"line":913,"column":null}},"line":911},"46":{"name":"getQuiz","decl":{"start":{"line":915,"column":22},"end":{"line":915,"column":30}},"loc":{"start":{"line":915,"column":61},"end":{"line":917,"column":null}},"line":915},"47":{"name":"createDashboardQuiz","decl":{"start":{"line":919,"column":22},"end":{"line":919,"column":42}},"loc":{"start":{"line":919,"column":91},"end":{"line":924,"column":null}},"line":919},"48":{"name":"deleteQuiz","decl":{"start":{"line":926,"column":22},"end":{"line":926,"column":33}},"loc":{"start":{"line":926,"column":64},"end":{"line":930,"column":null}},"line":926},"49":{"name":"updateQuiz","decl":{"start":{"line":932,"column":22},"end":{"line":932,"column":33}},"loc":{"start":{"line":940,"column":19},"end":{"line":945,"column":null}},"line":940},"50":{"name":"getQuizTemplates","decl":{"start":{"line":951,"column":22},"end":{"line":951,"column":66}},"loc":{"start":{"line":951,"column":66},"end":{"line":953,"column":null}},"line":951},"51":{"name":"getDefaultQuizTemplates","decl":{"start":{"line":955,"column":22},"end":{"line":955,"column":73}},"loc":{"start":{"line":955,"column":73},"end":{"line":957,"column":null}},"line":955},"52":{"name":"getQuizTemplate","decl":{"start":{"line":959,"column":22},"end":{"line":959,"column":38}},"loc":{"start":{"line":959,"column":87},"end":{"line":961,"column":null}},"line":959},"53":{"name":"createQuizTemplate","decl":{"start":{"line":963,"column":22},"end":{"line":963,"column":null}},"loc":{"start":{"line":965,"column":25},"end":{"line":970,"column":null}},"line":965},"54":{"name":"updateQuizTemplate","decl":{"start":{"line":972,"column":22},"end":{"line":972,"column":null}},"loc":{"start":{"line":975,"column":25},"end":{"line":980,"column":null}},"line":975},"55":{"name":"deleteQuizTemplate","decl":{"start":{"line":982,"column":22},"end":{"line":982,"column":41}},"loc":{"start":{"line":982,"column":100},"end":{"line":989,"column":null}},"line":982},"56":{"name":"getDashboardSettings","decl":{"start":{"line":995,"column":22},"end":{"line":995,"column":81}},"loc":{"start":{"line":995,"column":81},"end":{"line":997,"column":null}},"line":995},"57":{"name":"updateSchoolSettings","decl":{"start":{"line":999,"column":22},"end":{"line":999,"column":null}},"loc":{"start":{"line":1001,"column":32},"end":{"line":1006,"column":null}},"line":1001},"58":{"name":"updateOwnerSettings","decl":{"start":{"line":1008,"column":22},"end":{"line":1008,"column":null}},"loc":{"start":{"line":1010,"column":31},"end":{"line":1015,"column":null}},"line":1010},"59":{"name":"uploadOwnerAvatar","decl":{"start":{"line":1017,"column":22},"end":{"line":1017,"column":40}},"loc":{"start":{"line":1017,"column":85},"end":{"line":1038,"column":null}},"line":1017},"60":{"name":"(anonymous_60)","decl":{"start":{"line":1031,"column":56},"end":{"line":1031,"column":63}},"loc":{"start":{"line":1031,"column":63},"end":{"line":1033,"column":6}},"line":1031},"61":{"name":"uploadQuestionImage","decl":{"start":{"line":1040,"column":22},"end":{"line":1040,"column":42}},"loc":{"start":{"line":1040,"column":86},"end":{"line":1061,"column":null}},"line":1040},"62":{"name":"(anonymous_62)","decl":{"start":{"line":1054,"column":56},"end":{"line":1054,"column":63}},"loc":{"start":{"line":1054,"column":63},"end":{"line":1056,"column":6}},"line":1054}},"branchMap":{"0":{"loc":{"start":{"line":429,"column":2},"end":{"line":431,"column":null}},"type":"if","locations":[{"start":{"line":429,"column":2},"end":{"line":431,"column":null}},{"start":{},"end":{}}],"line":429},"1":{"loc":{"start":{"line":446,"column":2},"end":{"line":446,"column":null}},"type":"default-arg","locations":[{"start":{"line":446,"column":25},"end":{"line":446,"column":null}}],"line":446},"2":{"loc":{"start":{"line":454,"column":2},"end":{"line":456,"column":null}},"type":"if","locations":[{"start":{"line":454,"column":2},"end":{"line":456,"column":null}},{"start":{},"end":{}}],"line":454},"3":{"loc":{"start":{"line":463,"column":2},"end":{"line":468,"column":null}},"type":"if","locations":[{"start":{"line":463,"column":2},"end":{"line":468,"column":null}},{"start":{},"end":{}}],"line":463},"4":{"loc":{"start":{"line":486,"column":2},"end":{"line":491,"column":null}},"type":"if","locations":[{"start":{"line":486,"column":2},"end":{"line":491,"column":null}},{"start":{},"end":{}}],"line":486},"5":{"loc":{"start":{"line":507,"column":2},"end":{"line":512,"column":null}},"type":"if","locations":[{"start":{"line":507,"column":2},"end":{"line":512,"column":null}},{"start":{},"end":{}}],"line":507},"6":{"loc":{"start":{"line":528,"column":2},"end":{"line":533,"column":null}},"type":"if","locations":[{"start":{"line":528,"column":2},"end":{"line":533,"column":null}},{"start":{},"end":{}}],"line":528},"7":{"loc":{"start":{"line":554,"column":2},"end":{"line":559,"column":null}},"type":"if","locations":[{"start":{"line":554,"column":2},"end":{"line":559,"column":null}},{"start":{},"end":{}}],"line":554},"8":{"loc":{"start":{"line":585,"column":2},"end":{"line":590,"column":null}},"type":"if","locations":[{"start":{"line":585,"column":2},"end":{"line":590,"column":null}},{"start":{},"end":{}}],"line":585},"9":{"loc":{"start":{"line":619,"column":2},"end":{"line":624,"column":null}},"type":"if","locations":[{"start":{"line":619,"column":2},"end":{"line":624,"column":null}},{"start":{},"end":{}}],"line":619},"10":{"loc":{"start":{"line":636,"column":48},"end":{"line":636,"column":null}},"type":"default-arg","locations":[{"start":{"line":636,"column":63},"end":{"line":636,"column":null}}],"line":636},"11":{"loc":{"start":{"line":663,"column":2},"end":{"line":668,"column":null}},"type":"if","locations":[{"start":{"line":663,"column":2},"end":{"line":668,"column":null}},{"start":{},"end":{}}],"line":663},"12":{"loc":{"start":{"line":689,"column":2},"end":{"line":694,"column":null}},"type":"if","locations":[{"start":{"line":689,"column":2},"end":{"line":694,"column":null}},{"start":{},"end":{}}],"line":689},"13":{"loc":{"start":{"line":718,"column":2},"end":{"line":723,"column":null}},"type":"if","locations":[{"start":{"line":718,"column":2},"end":{"line":723,"column":null}},{"start":{},"end":{}}],"line":718},"14":{"loc":{"start":{"line":731,"column":71},"end":{"line":731,"column":null}},"type":"default-arg","locations":[{"start":{"line":731,"column":86},"end":{"line":731,"column":null}}],"line":731},"15":{"loc":{"start":{"line":764,"column":2},"end":{"line":769,"column":null}},"type":"if","locations":[{"start":{"line":764,"column":2},"end":{"line":769,"column":null}},{"start":{},"end":{}}],"line":764},"16":{"loc":{"start":{"line":864,"column":2},"end":{"line":864,"column":null}},"type":"if","locations":[{"start":{"line":864,"column":2},"end":{"line":864,"column":null}},{"start":{},"end":{}}],"line":864},"17":{"loc":{"start":{"line":865,"column":2},"end":{"line":865,"column":null}},"type":"if","locations":[{"start":{"line":865,"column":2},"end":{"line":865,"column":null}},{"start":{},"end":{}}],"line":865},"18":{"loc":{"start":{"line":866,"column":2},"end":{"line":866,"column":null}},"type":"if","locations":[{"start":{"line":866,"column":2},"end":{"line":866,"column":null}},{"start":{},"end":{}}],"line":866},"19":{"loc":{"start":{"line":868,"column":37},"end":{"line":868,"column":95}},"type":"cond-expr","locations":[{"start":{"line":868,"column":62},"end":{"line":868,"column":93}},{"start":{"line":868,"column":93},"end":{"line":868,"column":95}}],"line":868},"20":{"loc":{"start":{"line":982,"column":61},"end":{"line":982,"column":100}},"type":"default-arg","locations":[{"start":{"line":982,"column":78},"end":{"line":982,"column":100}}],"line":982},"21":{"loc":{"start":{"line":983,"column":14},"end":{"line":985,"column":null}},"type":"cond-expr","locations":[{"start":{"line":984,"column":6},"end":{"line":984,"column":null}},{"start":{"line":985,"column":6},"end":{"line":985,"column":null}}],"line":983},"22":{"loc":{"start":{"line":1025,"column":10},"end":{"line":1025,"column":null}},"type":"cond-expr","locations":[{"start":{"line":1025,"column":18},"end":{"line":1025,"column":57}},{"start":{"line":1025,"column":57},"end":{"line":1025,"column":null}}],"line":1025},"23":{"loc":{"start":{"line":1030,"column":2},"end":{"line":1035,"column":null}},"type":"if","locations":[{"start":{"line":1030,"column":2},"end":{"line":1035,"column":null}},{"start":{},"end":{}}],"line":1030},"24":{"loc":{"start":{"line":1048,"column":10},"end":{"line":1048,"column":null}},"type":"cond-expr","locations":[{"start":{"line":1048,"column":18},"end":{"line":1048,"column":57}},{"start":{"line":1048,"column":57},"end":{"line":1048,"column":null}}],"line":1048},"25":{"loc":{"start":{"line":1053,"column":2},"end":{"line":1058,"column":null}},"type":"if","locations":[{"start":{"line":1053,"column":2},"end":{"line":1058,"column":null}},{"start":{},"end":{}}],"line":1053}},"s":{"0":4,"1":4,"2":15,"3":15,"4":11,"5":2,"6":11,"7":62,"8":62,"9":2,"10":5,"11":5,"12":5,"13":5,"14":5,"15":5,"16":0,"17":0,"18":0,"19":5,"20":6,"21":5,"22":2,"23":1,"24":2,"25":3,"26":3,"27":3,"28":3,"29":3,"30":1,"31":0,"32":1,"33":3,"34":3,"35":3,"36":1,"37":0,"38":1,"39":2,"40":2,"41":2,"42":0,"43":0,"44":0,"45":0,"46":0,"47":0,"48":0,"49":0,"50":0,"51":0,"52":0,"53":0,"54":0,"55":0,"56":0,"57":0,"58":0,"59":0,"60":0,"61":0,"62":0,"63":0,"64":0,"65":0,"66":0,"67":0,"68":0,"69":0,"70":0,"71":0,"72":0,"73":0,"74":0,"75":0,"76":0,"77":0,"78":0,"79":0,"80":0,"81":0,"82":0,"83":0,"84":0,"85":0,"86":0,"87":2,"88":0,"89":0,"90":1,"91":1,"92":1,"93":0,"94":0,"95":0,"96":0,"97":0,"98":0,"99":0,"100":0,"101":0,"102":0,"103":0,"104":0,"105":0,"106":0,"107":0,"108":0,"109":0,"110":0,"111":0,"112":0,"113":0,"114":0,"115":0,"116":0,"117":0,"118":0,"119":0,"120":0,"121":0,"122":0,"123":0,"124":0,"125":0,"126":0,"127":0,"128":0,"129":0,"130":0,"131":0,"132":0,"133":0,"134":0,"135":0,"136":0,"137":0,"138":0,"139":0,"140":0,"141":0,"142":0,"143":0,"144":0},"f":{"0":15,"1":11,"2":62,"3":2,"4":5,"5":0,"6":6,"7":1,"8":3,"9":0,"10":3,"11":3,"12":0,"13":0,"14":0,"15":0,"16":0,"17":0,"18":0,"19":0,"20":0,"21":0,"22":0,"23":0,"24":0,"25":0,"26":0,"27":0,"28":2,"29":0,"30":0,"31":1,"32":1,"33":1,"34":0,"35":0,"36":0,"37":0,"38":0,"39":0,"40":0,"41":0,"42":0,"43":0,"44":0,"45":0,"46":0,"47":0,"48":0,"49":0,"50":0,"51":0,"52":0,"53":0,"54":0,"55":0,"56":0,"57":0,"58":0,"59":0,"60":0,"61":0,"62":0},"b":{"0":[2,9],"1":[5],"2":[5,0],"3":[0,5],"4":[2,3],"5":[1,2],"6":[1,2],"7":[0,0],"8":[0,0],"9":[0,0],"10":[0],"11":[0,0],"12":[0,0],"13":[0,0],"14":[0],"15":[0,0],"16":[0,0],"17":[0,0],"18":[0,0],"19":[0,0],"20":[0],"21":[0,0],"22":[0,0],"23":[0,0],"24":[0,0],"25":[0,0]},"meta":{"lastBranch":26,"lastFunction":63,"lastStatement":145,"seen":{"s:12:21:12:Infinity":0,"s:421:31:421:Infinity":1,"f:423:16:423:29":0,"s:424:2:424:Infinity":2,"s:425:2:425:Infinity":3,"f:428:16:428:46":1,"b:429:2:431:Infinity:undefined:undefined:undefined:undefined":0,"s:429:2:431:Infinity":4,"s:430:4:430:Infinity":5,"s:432:2:432:Infinity":6,"f:435:16:435:33":2,"s:436:2:436:Infinity":7,"s:437:2:437:Infinity":8,"f:440:16:440:43":3,"s:441:2:441:Infinity":9,"f:444:15:444:Infinity":4,"b:446:25:446:Infinity":1,"s:448:16:448:Infinity":10,"s:449:42:452:Infinity":11,"b:454:2:456:Infinity:undefined:undefined:undefined:undefined":2,"s:454:2:456:Infinity":12,"s:455:4:455:Infinity":13,"s:458:19:461:Infinity":14,"b:463:2:468:Infinity:undefined:undefined:undefined:undefined":3,"s:463:2:468:Infinity":15,"s:464:28:466:Infinity":16,"f:464:56:464:63":5,"s:464:63:466:6":17,"s:467:4:467:Infinity":18,"s:470:2:470:Infinity":19,"f:477:22:477:28":6,"s:478:19:484:Infinity":20,"b:486:2:491:Infinity:undefined:undefined:undefined:undefined":4,"s:486:2:491:Infinity":21,"s:487:28:489:Infinity":22,"f:487:56:487:63":7,"s:487:63:489:6":23,"s:490:4:490:Infinity":24,"s:493:17:493:Infinity":25,"s:494:2:494:Infinity":26,"s:495:2:495:Infinity":27,"f:498:22:498:31":8,"s:499:19:505:Infinity":28,"b:507:2:512:Infinity:undefined:undefined:undefined:undefined":5,"s:507:2:512:Infinity":29,"s:508:28:510:Infinity":30,"f:508:56:508:63":9,"s:508:63:510:6":31,"s:511:4:511:Infinity":32,"f:515:16:515:25":10,"s:516:2:516:Infinity":33,"f:519:22:519:35":11,"s:520:19:526:Infinity":34,"b:528:2:533:Infinity:undefined:undefined:undefined:undefined":6,"s:528:2:533:Infinity":35,"s:529:28:531:Infinity":36,"f:529:56:529:63":12,"s:529:63:531:6":37,"s:532:4:532:Infinity":38,"s:535:17:535:Infinity":39,"s:536:2:536:Infinity":40,"s:537:2:537:Infinity":41,"f:540:22:540:37":13,"s:543:19:552:Infinity":42,"b:554:2:559:Infinity:undefined:undefined:undefined:undefined":7,"s:554:2:559:Infinity":43,"s:555:28:557:Infinity":44,"f:555:56:555:63":14,"s:555:63:557:6":45,"s:558:4:558:Infinity":46,"s:561:17:561:Infinity":47,"s:562:2:562:Infinity":48,"s:563:2:563:Infinity":49,"f:569:22:569:Infinity":15,"s:577:19:583:Infinity":50,"b:585:2:590:Infinity:undefined:undefined:undefined:undefined":8,"s:585:2:590:Infinity":51,"s:586:28:588:Infinity":52,"f:586:56:586:63":16,"s:586:63:588:6":53,"s:589:4:589:Infinity":54,"s:592:2:592:Infinity":55,"f:598:22:598:Infinity":17,"s:611:19:617:Infinity":56,"b:619:2:624:Infinity:undefined:undefined:undefined:undefined":9,"s:619:2:624:Infinity":57,"s:620:28:622:Infinity":58,"f:620:56:620:63":18,"s:620:63:622:6":59,"s:623:4:623:Infinity":60,"s:626:2:626:Infinity":61,"f:629:16:629:45":19,"s:630:2:630:Infinity":62,"f:636:22:636:32":20,"b:636:63:636:Infinity":10,"s:655:19:661:Infinity":63,"b:663:2:668:Infinity:undefined:undefined:undefined:undefined":11,"s:663:2:668:Infinity":64,"s:664:28:666:Infinity":65,"f:664:56:664:63":21,"s:664:63:666:6":66,"s:667:4:667:Infinity":67,"s:670:2:670:Infinity":68,"f:676:22:676:Infinity":22,"s:680:19:687:Infinity":69,"b:689:2:694:Infinity:undefined:undefined:undefined:undefined":12,"s:689:2:694:Infinity":70,"s:690:28:692:Infinity":71,"f:690:56:690:63":23,"s:690:63:692:6":72,"s:693:4:693:Infinity":73,"s:696:2:696:Infinity":74,"f:702:22:702:33":24,"s:710:19:716:Infinity":75,"b:718:2:723:Infinity:undefined:undefined:undefined:undefined":13,"s:718:2:723:Infinity":76,"s:719:28:721:Infinity":77,"f:719:56:719:63":25,"s:719:63:721:6":78,"s:722:4:722:Infinity":79,"s:725:2:725:Infinity":80,"f:731:22:731:36":26,"b:731:86:731:Infinity":14,"s:753:19:762:Infinity":81,"b:764:2:769:Infinity:undefined:undefined:undefined:undefined":15,"s:764:2:769:Infinity":82,"s:765:28:767:Infinity":83,"f:765:56:765:63":27,"s:765:63:767:6":84,"s:768:4:768:Infinity":85,"s:771:2:771:Infinity":86,"f:778:22:778:67":28,"s:779:2:779:Infinity":87,"f:782:22:782:81":29,"s:783:2:783:Infinity":88,"f:786:22:786:83":30,"s:787:2:787:Infinity":89,"f:794:22:794:50":31,"s:795:2:795:Infinity":90,"f:798:22:798:36":32,"s:799:2:799:Infinity":91,"f:802:22:802:33":33,"s:803:2:806:Infinity":92,"f:809:22:809:Infinity":34,"s:813:2:816:Infinity":93,"f:819:22:819:33":35,"s:820:2:822:Infinity":94,"f:825:22:825:Infinity":36,"s:829:2:832:Infinity":95,"f:835:22:835:Infinity":37,"s:839:2:841:Infinity":96,"f:844:22:844:Infinity":38,"s:848:2:851:Infinity":97,"f:858:22:858:35":39,"s:863:22:863:Infinity":98,"b:864:2:864:Infinity:undefined:undefined:undefined:undefined":16,"s:864:2:864:Infinity":99,"s:864:21:864:Infinity":100,"b:865:2:865:Infinity:undefined:undefined:undefined:undefined":17,"s:865:2:865:Infinity":101,"s:865:22:865:Infinity":102,"b:866:2:866:Infinity:undefined:undefined:undefined:undefined":18,"s:866:2:866:Infinity":103,"s:866:22:866:Infinity":104,"s:868:14:868:Infinity":105,"b:868:62:868:93:868:93:868:95":19,"s:869:2:869:Infinity":106,"f:872:22:872:33":40,"s:873:2:873:Infinity":107,"f:876:22:876:Infinity":41,"s:879:2:882:Infinity":108,"f:885:22:885:Infinity":42,"s:889:2:892:Infinity":109,"f:895:22:895:36":43,"s:896:2:898:Infinity":110,"f:901:22:901:38":44,"s:903:2:903:Infinity":111,"f:911:22:911:52":45,"s:912:2:912:Infinity":112,"f:915:22:915:30":46,"s:916:2:916:Infinity":113,"f:919:22:919:42":47,"s:920:2:923:Infinity":114,"f:926:22:926:33":48,"s:927:2:929:Infinity":115,"f:932:22:932:33":49,"s:941:2:944:Infinity":116,"f:951:22:951:66":50,"s:952:2:952:Infinity":117,"f:955:22:955:73":51,"s:956:2:956:Infinity":118,"f:959:22:959:38":52,"s:960:2:960:Infinity":119,"f:963:22:963:Infinity":53,"s:966:2:969:Infinity":120,"f:972:22:972:Infinity":54,"s:976:2:979:Infinity":121,"f:982:22:982:41":55,"b:982:78:982:100":20,"s:983:14:985:Infinity":122,"b:984:6:984:Infinity:985:6:985:Infinity":21,"s:986:2:988:Infinity":123,"f:995:22:995:81":56,"s:996:2:996:Infinity":124,"f:999:22:999:Infinity":57,"s:1002:2:1005:Infinity":125,"f:1008:22:1008:Infinity":58,"s:1011:2:1014:Infinity":126,"f:1017:22:1017:40":59,"s:1018:16:1018:Infinity":127,"s:1019:19:1019:Infinity":128,"s:1020:2:1020:Infinity":129,"s:1022:19:1028:Infinity":130,"b:1025:18:1025:57:1025:57:1025:Infinity":22,"b:1030:2:1035:Infinity:undefined:undefined:undefined:undefined":23,"s:1030:2:1035:Infinity":131,"s:1031:28:1033:Infinity":132,"f:1031:56:1031:63":60,"s:1031:63:1033:6":133,"s:1034:4:1034:Infinity":134,"s:1037:2:1037:Infinity":135,"f:1040:22:1040:42":61,"s:1041:16:1041:Infinity":136,"s:1042:19:1042:Infinity":137,"s:1043:2:1043:Infinity":138,"s:1045:19:1051:Infinity":139,"b:1048:18:1048:57:1048:57:1048:Infinity":24,"b:1053:2:1058:Infinity:undefined:undefined:undefined:undefined":25,"s:1053:2:1058:Infinity":140,"s:1054:28:1056:Infinity":141,"f:1054:56:1054:63":62,"s:1054:63:1056:6":142,"s:1057:4:1057:Infinity":143,"s:1060:2:1060:Infinity":144}}}
}
